{"obj": {"type": "AssignString", "path": ["sys", "name"], "value": "Untitled"}, "version": 1}
{"obj": {"type": "AssignString", "path": ["sys", "description"], "value": ""}, "version": 2}
{"obj": {"type": "AssignString", "path": ["sys", "hostname"], "value": "gohan"}, "version": 3}
{"obj": {"type": "AssignBool", "path": ["sys", "failed"], "value": false}, "version": 4}
{"obj": {"type": "ClearStringLog", "path": ["monitoring", "stdout"]}, "version": 5}
{"obj": {"type": "ClearStringLog", "path": ["monitoring", "stderr"]}, "version": 6}
{"obj": {"type": "ConfigFloatSeries", "path": ["monitoring", "cpu"], "min": 0.0, "max": 100.0, "unit": "%"}, "version": 7}
{"obj": {"type": "ClearFloatLog", "path": ["monitoring", "cpu"]}, "version": 8}
{"obj": {"type": "ConfigFloatSeries", "path": ["monitoring", "memory"], "min": 0.0, "max": 15.318778991699219, "unit": "GB"}, "version": 9}
{"obj": {"type": "ClearFloatLog", "path": ["monitoring", "memory"]}, "version": 10}
{"obj": {"type": "LogStrings", "path": ["monitoring", "stdout"], "values": [{"value": "b''", "step": null, "ts": 1637120559.9343486}]}, "version": 11}
{"obj": {"type": "LogFloats", "path": ["monitoring", "cpu"], "values": [{"value": 31.2, "step": null, "ts": 1637120559.928399}]}, "version": 12}
{"obj": {"type": "LogStrings", "path": ["monitoring", "stdout"], "values": [{"value": "b'https://app.neptune.ai/SurvCaus/RUNS/e/RUN-7\\n'", "step": null, "ts": 1637120559.9358926}]}, "version": 13}
{"obj": {"type": "LogFloats", "path": ["monitoring", "memory"], "values": [{"value": 14.758365631103516, "step": null, "ts": 1637120559.928399}]}, "version": 14}
{"obj": {"type": "LogStrings", "path": ["monitoring", "stdout"], "values": [{"value": "b'Remember to stop your run once you\\xe2\\x80\\x99ve finished logging your metadata (https://docs.neptune.ai/api-reference/run#stop). It will be stopped automatically only when the notebook kernel/interactive console is terminated.\\n'", "step": null, "ts": 1637120559.937497}]}, "version": 15}
{"obj": {"type": "LogStrings", "path": ["monitoring", "stdout"], "values": [{"value": "WD = ", "step": null, "ts": 1637120561.181977}]}, "version": 16}
{"obj": {"type": "LogStrings", "path": ["monitoring", "stdout"], "values": [{"value": " ", "step": null, "ts": 1637120561.1828187}]}, "version": 17}
{"obj": {"type": "LogStrings", "path": ["monitoring", "stdout"], "values": [{"value": "110.77679443359375", "step": null, "ts": 1637120561.1832736}]}, "version": 18}
{"obj": {"type": "LogStrings", "path": ["monitoring", "stdout"], "values": [{"value": "\n", "step": null, "ts": 1637120561.1836922}]}, "version": 19}
{"obj": {"type": "LogStrings", "path": ["monitoring", "stdout"], "values": [{"value": "tt = 1 : 51 % ", "step": null, "ts": 1637120561.1842568}]}, "version": 20}
{"obj": {"type": "LogStrings", "path": ["monitoring", "stdout"], "values": [{"value": "\n", "step": null, "ts": 1637120561.1845794}]}, "version": 21}
{"obj": {"type": "LogStrings", "path": ["monitoring", "stdout"], "values": [{"value": "event = 1 : 72 %", "step": null, "ts": 1637120561.1849847}]}, "version": 22}
{"obj": {"type": "LogStrings", "path": ["monitoring", "stdout"], "values": [{"value": "\n", "step": null, "ts": 1637120561.1870031}]}, "version": 23}
{"obj": {"type": "LogStrings", "path": ["monitoring", "stdout"], "values": [{"value": "Scheme : ", "step": null, "ts": 1637120561.1874897}]}, "version": 24}
{"obj": {"type": "LogStrings", "path": ["monitoring", "stdout"], "values": [{"value": " ", "step": null, "ts": 1637120561.1877885}]}, "version": 25}
{"obj": {"type": "LogStrings", "path": ["monitoring", "stdout"], "values": [{"value": "nonlinear", "step": null, "ts": 1637120561.1883764}]}, "version": 26}
{"obj": {"type": "LogStrings", "path": ["monitoring", "stdout"], "values": [{"value": "\n", "step": null, "ts": 1637120561.1886587}]}, "version": 27}
{"obj": {"type": "LogStrings", "path": ["monitoring", "stdout"], "values": [{"value": "[t-SNE] Computing 91 nearest neighbors...", "step": null, "ts": 1637120561.3509521}]}, "version": 28}
{"obj": {"type": "LogStrings", "path": ["monitoring", "stdout"], "values": [{"value": "\n", "step": null, "ts": 1637120561.3515532}]}, "version": 29}
{"obj": {"type": "LogStrings", "path": ["monitoring", "stdout"], "values": [{"value": "[t-SNE] Indexed 1000 samples in 0.000s...", "step": null, "ts": 1637120561.35259}]}, "version": 30}
{"obj": {"type": "LogStrings", "path": ["monitoring", "stdout"], "values": [{"value": "\n", "step": null, "ts": 1637120561.3530958}]}, "version": 31}
{"obj": {"type": "LogStrings", "path": ["monitoring", "stdout"], "values": [{"value": "[t-SNE] Computed neighbors for 1000 samples in 0.064s...", "step": null, "ts": 1637120561.418}]}, "version": 32}
{"obj": {"type": "LogStrings", "path": ["monitoring", "stdout"], "values": [{"value": "\n", "step": null, "ts": 1637120561.4185271}]}, "version": 33}
{"obj": {"type": "LogStrings", "path": ["monitoring", "stdout"], "values": [{"value": "[t-SNE] Computed conditional probabilities for sample 1000 / 1000", "step": null, "ts": 1637120561.55147}]}, "version": 34}
{"obj": {"type": "LogStrings", "path": ["monitoring", "stdout"], "values": [{"value": "\n", "step": null, "ts": 1637120561.5521247}]}, "version": 35}
{"obj": {"type": "LogStrings", "path": ["monitoring", "stdout"], "values": [{"value": "[t-SNE] Mean sigma: 1.811275", "step": null, "ts": 1637120561.5527472}]}, "version": 36}
{"obj": {"type": "LogStrings", "path": ["monitoring", "stdout"], "values": [{"value": "\n", "step": null, "ts": 1637120561.5532093}]}, "version": 37}
{"obj": {"type": "LogStrings", "path": ["monitoring", "stdout"], "values": [{"value": "[t-SNE] KL divergence after 250 iterations with early exaggeration: 73.547882", "step": null, "ts": 1637120564.1784348}]}, "version": 38}
{"obj": {"type": "LogStrings", "path": ["monitoring", "stdout"], "values": [{"value": "\n", "step": null, "ts": 1637120564.1834588}]}, "version": 39}
{"obj": {"type": "LogStrings", "path": ["monitoring", "stdout"], "values": [{"value": "[t-SNE] KL divergence after 1000 iterations: 1.957225", "step": null, "ts": 1637120568.4792511}]}, "version": 40}
{"obj": {"type": "LogStrings", "path": ["monitoring", "stdout"], "values": [{"value": "\n", "step": null, "ts": 1637120568.4799654}]}, "version": 41}
{"obj": {"type": "AssignString", "path": [".", "plot_exp", "TSNE_1"], "value": "Figure(1440x1152)"}, "version": 42}
{"obj": {"type": "AssignString", "path": [".", "data_exp", "data_sim_1"], "value": "           X1        X2        X3        X4        X5        X6        X7  \\\n0   -0.533934 -1.088584 -1.931935 -2.000448 -1.491299 -3.734364 -2.813399   \n1   -2.407904 -0.716523 -1.343418 -2.553050 -0.074242 -1.401201 -2.188240   \n2   -0.650801  1.225254 -0.565337  0.216181  1.078925  0.809177  0.890769   \n3   -0.409954 -1.454360 -1.936330 -1.242748 -1.411262 -2.388202 -1.824375   \n4    3.056445  1.781782  0.303413  0.998620  0.106060  1.706490  2.517779   \n..        ...       ...       ...       ...       ...       ...       ...   \n995 -2.241289 -1.848797 -1.089358 -1.595784 -0.171781 -1.895903 -3.725874   \n996 -2.479135 -2.597977 -1.327226 -3.623377 -1.993089 -1.227752 -0.649366   \n997 -0.958321 -1.648275 -2.638808 -2.696047 -1.999904 -1.318847 -0.808028   \n998  1.411159  1.800939  4.405886  2.219371  2.035685  2.807580  0.132895   \n999 -0.652256 -2.768940 -1.135040 -1.536929 -1.393115 -1.774726 -2.583806   \n\n           X8        X9       X10  ...       X24       X25  tt  T_f_cens  \\\n0   -1.226725 -1.127119 -1.542562  ... -2.564870 -1.574291   1  0.459324   \n1   -1.036326 -1.635630 -1.432849  ... -1.173999 -1.893605   1  0.592513   \n2    2.087082  1.988128  3.531361  ...  3.493532  0.952141   0  0.664767   \n3   -2.716335 -1.920969 -0.308197  ... -2.600788 -1.708931   1  0.653849   \n4    1.313486  0.181510  2.227178  ...  1.048674  0.936432   0  2.047056   \n..        ...       ...       ...  ...       ...       ...  ..       ...   \n995 -0.905310 -1.923481 -2.430542  ... -1.505103 -1.378479   1  0.529572   \n996 -1.833547 -1.397158 -0.511173  ... -1.819542 -0.833512   1  0.225442   \n997 -0.805622 -1.941222 -1.593372  ... -0.514491 -0.926479   1  0.209355   \n998  1.864002  1.868450  2.887746  ... -0.253993  1.682186   0  0.175296   \n999 -2.606319 -0.783055 -1.602751  ... -1.828304 -3.014561   1  0.253989   \n\n     event       T_1       T_0       T_f      T_cf     Xbeta  \n0        1  0.459324  1.282318  0.459324  1.282318  3.091047  \n1        0  0.617016  0.874595  0.617016  0.874595 -1.008355  \n2        1  0.502825  0.664767  0.664767  0.502825 -6.269935  \n3        1  0.653849  1.420092  0.653849  1.420092  2.513964  \n4        1  0.765883  2.047056  2.047056  0.765883 -3.471019  \n..     ...       ...       ...       ...       ...       ...  \n995      1  0.529572  1.292102  0.529572  1.292102 -0.990361  \n996      1  0.225442  0.801592  0.225442  0.801592 -0.156588  \n997      0  0.298980  0.511524  0.298980  0.511524  0.041866  \n998      0  0.866190  1.662451  1.662451  0.866190 -0.614045  \n999      1  0.253989  0.425996  0.253989  0.425996  0.391629  \n\n[1000 rows x 33 columns]"}, "version": 43}
{"obj": {"type": "LogFloats", "path": ["monitoring", "cpu"], "values": [{"value": 88.4, "step": null, "ts": 1637120569.9371347}]}, "version": 44}
{"obj": {"type": "LogFloats", "path": ["monitoring", "memory"], "values": [{"value": 15.019916534423828, "step": null, "ts": 1637120569.9371347}]}, "version": 45}
{"obj": {"type": "LogFloats", "path": ["monitoring", "cpu"], "values": [{"value": 25.1, "step": null, "ts": 1637120579.9384139}]}, "version": 46}
{"obj": {"type": "LogFloats", "path": ["monitoring", "memory"], "values": [{"value": 15.002071380615234, "step": null, "ts": 1637120579.9384139}]}, "version": 47}
{"obj": {"type": "LogFloats", "path": ["monitoring", "cpu"], "values": [{"value": 16.8, "step": null, "ts": 1637120589.93928}]}, "version": 48}
{"obj": {"type": "LogFloats", "path": ["monitoring", "memory"], "values": [{"value": 14.95199203491211, "step": null, "ts": 1637120589.93928}]}, "version": 49}
{"obj": {"type": "LogFloats", "path": ["monitoring", "cpu"], "values": [{"value": 19.1, "step": null, "ts": 1637120599.940861}]}, "version": 50}
{"obj": {"type": "LogFloats", "path": ["monitoring", "memory"], "values": [{"value": 14.960716247558594, "step": null, "ts": 1637120599.940861}]}, "version": 51}
{"obj": {"type": "LogFloats", "path": ["monitoring", "cpu"], "values": [{"value": 23.4, "step": null, "ts": 1637120609.9418135}]}, "version": 52}
{"obj": {"type": "LogFloats", "path": ["monitoring", "memory"], "values": [{"value": 14.586311340332031, "step": null, "ts": 1637120609.9418135}]}, "version": 53}
{"obj": {"type": "LogFloats", "path": ["monitoring", "cpu"], "values": [{"value": 17.4, "step": null, "ts": 1637120619.9427948}]}, "version": 54}
{"obj": {"type": "LogFloats", "path": ["monitoring", "memory"], "values": [{"value": 14.598102569580078, "step": null, "ts": 1637120619.9427948}]}, "version": 55}
{"obj": {"type": "LogFloats", "path": ["monitoring", "cpu"], "values": [{"value": 20.1, "step": null, "ts": 1637120629.9437082}]}, "version": 56}
{"obj": {"type": "LogFloats", "path": ["monitoring", "memory"], "values": [{"value": 14.701587677001953, "step": null, "ts": 1637120629.9437082}]}, "version": 57}
{"obj": {"type": "LogFloats", "path": ["monitoring", "cpu"], "values": [{"value": 14.4, "step": null, "ts": 1637120639.9448314}]}, "version": 58}
{"obj": {"type": "LogFloats", "path": ["monitoring", "memory"], "values": [{"value": 14.5308837890625, "step": null, "ts": 1637120639.9448314}]}, "version": 59}
{"obj": {"type": "LogFloats", "path": ["monitoring", "cpu"], "values": [{"value": 24.8, "step": null, "ts": 1637120649.9456015}]}, "version": 60}
{"obj": {"type": "LogFloats", "path": ["monitoring", "memory"], "values": [{"value": 14.590587615966797, "step": null, "ts": 1637120649.9456015}]}, "version": 61}
{"obj": {"type": "LogFloats", "path": ["monitoring", "cpu"], "values": [{"value": 22.0, "step": null, "ts": 1637120659.9463742}]}, "version": 62}
{"obj": {"type": "LogFloats", "path": ["monitoring", "memory"], "values": [{"value": 14.563873291015625, "step": null, "ts": 1637120659.9463742}]}, "version": 63}
