{"obj": {"type": "AssignString", "path": ["sys", "name"], "value": "Untitled"}, "version": 1}
{"obj": {"type": "AssignString", "path": ["sys", "description"], "value": ""}, "version": 2}
{"obj": {"type": "AssignString", "path": ["sys", "hostname"], "value": "gohan"}, "version": 3}
{"obj": {"type": "AssignBool", "path": ["sys", "failed"], "value": false}, "version": 4}
{"obj": {"type": "ClearStringLog", "path": ["monitoring", "stdout"]}, "version": 5}
{"obj": {"type": "ClearStringLog", "path": ["monitoring", "stderr"]}, "version": 6}
{"obj": {"type": "ConfigFloatSeries", "path": ["monitoring", "cpu"], "min": 0.0, "max": 100.0, "unit": "%"}, "version": 7}
{"obj": {"type": "ClearFloatLog", "path": ["monitoring", "cpu"]}, "version": 8}
{"obj": {"type": "ConfigFloatSeries", "path": ["monitoring", "memory"], "min": 0.0, "max": 15.318778991699219, "unit": "GB"}, "version": 9}
{"obj": {"type": "ClearFloatLog", "path": ["monitoring", "memory"]}, "version": 10}
{"obj": {"type": "LogFloats", "path": ["monitoring", "cpu"], "values": [{"value": 14.1, "step": null, "ts": 1637128834.2218606}]}, "version": 11}
{"obj": {"type": "LogStrings", "path": ["monitoring", "stdout"], "values": [{"value": "b''", "step": null, "ts": 1637128834.233341}]}, "version": 12}
{"obj": {"type": "LogFloats", "path": ["monitoring", "memory"], "values": [{"value": 14.05178451538086, "step": null, "ts": 1637128834.2218606}]}, "version": 13}
{"obj": {"type": "LogStrings", "path": ["monitoring", "stdout"], "values": [{"value": "b'https://app.neptune.ai/SurvCaus/RUNS/e/RUN-18\\n'", "step": null, "ts": 1637128834.234543}]}, "version": 14}
{"obj": {"type": "LogStrings", "path": ["monitoring", "stdout"], "values": [{"value": "b'Remember to stop your run once you\\xe2\\x80\\x99ve finished logging your metadata (https://docs.neptune.ai/api-reference/run#stop). It will be stopped automatically only when the notebook kernel/interactive console is terminated.\\n'", "step": null, "ts": 1637128834.237248}]}, "version": 15}
{"obj": {"type": "LogStrings", "path": ["monitoring", "stdout"], "values": [{"value": "WD = ", "step": null, "ts": 1637128834.7174602}]}, "version": 16}
{"obj": {"type": "LogStrings", "path": ["monitoring", "stdout"], "values": [{"value": " ", "step": null, "ts": 1637128834.717862}]}, "version": 17}
{"obj": {"type": "LogStrings", "path": ["monitoring", "stdout"], "values": [{"value": "110.77679443359375", "step": null, "ts": 1637128834.7180657}]}, "version": 18}
{"obj": {"type": "LogStrings", "path": ["monitoring", "stdout"], "values": [{"value": "\n", "step": null, "ts": 1637128834.7182577}]}, "version": 19}
{"obj": {"type": "LogStrings", "path": ["monitoring", "stdout"], "values": [{"value": "tt = 1 : 51 % ", "step": null, "ts": 1637128834.7184339}]}, "version": 20}
{"obj": {"type": "LogStrings", "path": ["monitoring", "stdout"], "values": [{"value": "\n", "step": null, "ts": 1637128834.7186081}]}, "version": 21}
{"obj": {"type": "LogStrings", "path": ["monitoring", "stdout"], "values": [{"value": "event = 1 : 72 %", "step": null, "ts": 1637128834.7187777}]}, "version": 22}
{"obj": {"type": "LogStrings", "path": ["monitoring", "stdout"], "values": [{"value": "\n", "step": null, "ts": 1637128834.7189429}]}, "version": 23}
{"obj": {"type": "LogStrings", "path": ["monitoring", "stdout"], "values": [{"value": "Scheme : ", "step": null, "ts": 1637128834.719079}]}, "version": 24}
{"obj": {"type": "LogStrings", "path": ["monitoring", "stdout"], "values": [{"value": " ", "step": null, "ts": 1637128834.7193186}]}, "version": 25}
{"obj": {"type": "LogStrings", "path": ["monitoring", "stdout"], "values": [{"value": "nonlinear", "step": null, "ts": 1637128834.7195}]}, "version": 26}
{"obj": {"type": "LogStrings", "path": ["monitoring", "stdout"], "values": [{"value": "\n", "step": null, "ts": 1637128834.719691}]}, "version": 27}
{"obj": {"type": "LogStrings", "path": ["monitoring", "stdout"], "values": [{"value": "[t-SNE] Computing 91 nearest neighbors...", "step": null, "ts": 1637128834.7848175}]}, "version": 28}
{"obj": {"type": "LogStrings", "path": ["monitoring", "stdout"], "values": [{"value": "\n", "step": null, "ts": 1637128834.7851038}]}, "version": 29}
{"obj": {"type": "LogStrings", "path": ["monitoring", "stdout"], "values": [{"value": "[t-SNE] Indexed 1000 samples in 0.000s...", "step": null, "ts": 1637128834.7855206}]}, "version": 30}
{"obj": {"type": "LogStrings", "path": ["monitoring", "stdout"], "values": [{"value": "\n", "step": null, "ts": 1637128834.7856896}]}, "version": 31}
{"obj": {"type": "LogStrings", "path": ["monitoring", "stdout"], "values": [{"value": "[t-SNE] Computed neighbors for 1000 samples in 0.038s...", "step": null, "ts": 1637128834.8244011}]}, "version": 32}
{"obj": {"type": "LogStrings", "path": ["monitoring", "stdout"], "values": [{"value": "\n", "step": null, "ts": 1637128834.8247402}]}, "version": 33}
{"obj": {"type": "LogStrings", "path": ["monitoring", "stdout"], "values": [{"value": "[t-SNE] Computed conditional probabilities for sample 1000 / 1000", "step": null, "ts": 1637128834.8693848}]}, "version": 34}
{"obj": {"type": "LogStrings", "path": ["monitoring", "stdout"], "values": [{"value": "\n", "step": null, "ts": 1637128834.8707817}]}, "version": 35}
{"obj": {"type": "LogStrings", "path": ["monitoring", "stdout"], "values": [{"value": "[t-SNE] Mean sigma: 1.811275", "step": null, "ts": 1637128834.8720636}]}, "version": 36}
{"obj": {"type": "LogStrings", "path": ["monitoring", "stdout"], "values": [{"value": "\n", "step": null, "ts": 1637128834.873292}]}, "version": 37}
{"obj": {"type": "LogFloats", "path": ["monitoring", "cpu"], "values": [{"value": 97.9, "step": null, "ts": 1637128844.234543}]}, "version": 38}
{"obj": {"type": "LogFloats", "path": ["monitoring", "memory"], "values": [{"value": 14.267879486083984, "step": null, "ts": 1637128844.234543}]}, "version": 39}
{"obj": {"type": "LogStrings", "path": ["monitoring", "stdout"], "values": [{"value": "[t-SNE] KL divergence after 250 iterations with early exaggeration: 73.547775", "step": null, "ts": 1637128844.9239776}]}, "version": 40}
{"obj": {"type": "LogStrings", "path": ["monitoring", "stdout"], "values": [{"value": "\n", "step": null, "ts": 1637128844.9243288}]}, "version": 41}
{"obj": {"type": "LogStrings", "path": ["monitoring", "stdout"], "values": [{"value": "[t-SNE] KL divergence after 1000 iterations: 1.957227", "step": null, "ts": 1637128848.1017344}]}, "version": 42}
{"obj": {"type": "LogStrings", "path": ["monitoring", "stdout"], "values": [{"value": "\n", "step": null, "ts": 1637128848.102091}]}, "version": 43}
{"obj": {"type": "UploadFile", "path": ["plot_exp", "TSNE_1"], "ext": "png", "file_path": "/home/aabraich/Documents/APP/streamlit_app/plot_exp/TSNE_1.png"}, "version": 44}
{"obj": {"type": "UploadFile", "path": ["data_exp", "data_sim_1"], "ext": "csv", "file_path": "/home/aabraich/Documents/APP/streamlit_app/data_exp/data_sim_1.csv"}, "version": 45}
{"obj": {"type": "UploadFile", "path": ["plot_exp", "surv_true_1"], "ext": "png", "file_path": "/home/aabraich/Documents/APP/streamlit_app/plot_exp/surv_true_1.png"}, "version": 46}
{"obj": {"type": "LogStrings", "path": ["monitoring", "stdout"], "values": [{"value": "0:\t[0s / 0s],\t\ttrain_loss: 3.0855,\ttrain_loss_surv: 3.0731,\ttrain_loss_wass: 0.0022,\tval_loss: 3.1472,\tval_loss_surv: 3.1406,\tval_loss_wass: 0.0012", "step": null, "ts": 1637128849.3481798}]}, "version": 47}
{"obj": {"type": "LogStrings", "path": ["monitoring", "stdout"], "values": [{"value": "\n", "step": null, "ts": 1637128849.3487422}]}, "version": 48}
{"obj": {"type": "LogStrings", "path": ["monitoring", "stdout"], "values": [{"value": "1:\t[0s / 0s],\t\ttrain_loss: 2.9909,\ttrain_loss_surv: 2.9817,\ttrain_loss_wass: 0.0017,\tval_loss: 3.1458,\tval_loss_surv: 3.1397,\tval_loss_wass: 0.0011", "step": null, "ts": 1637128849.6114092}]}, "version": 49}
{"obj": {"type": "LogStrings", "path": ["monitoring", "stdout"], "values": [{"value": "\n", "step": null, "ts": 1637128849.6119454}]}, "version": 50}
{"obj": {"type": "LogStrings", "path": ["monitoring", "stdout"], "values": [{"value": "2:\t[0s / 0s],\t\ttrain_loss: 2.9050,\ttrain_loss_surv: 2.8945,\ttrain_loss_wass: 0.0019,\tval_loss: 3.1437,\tval_loss_surv: 3.1384,\tval_loss_wass: 0.0010", "step": null, "ts": 1637128849.942279}]}, "version": 51}
{"obj": {"type": "LogStrings", "path": ["monitoring", "stdout"], "values": [{"value": "\n", "step": null, "ts": 1637128849.9427483}]}, "version": 52}
{"obj": {"type": "LogStrings", "path": ["monitoring", "stdout"], "values": [{"value": "3:\t[0s / 1s],\t\ttrain_loss: 2.9843,\ttrain_loss_surv: 2.9771,\ttrain_loss_wass: 0.0013,\tval_loss: 3.1415,\tval_loss_surv: 3.1368,\tval_loss_wass: 0.0008", "step": null, "ts": 1637128850.2086315}]}, "version": 53}
{"obj": {"type": "LogStrings", "path": ["monitoring", "stdout"], "values": [{"value": "\n", "step": null, "ts": 1637128850.2092488}]}, "version": 54}
{"obj": {"type": "LogStrings", "path": ["monitoring", "stdout"], "values": [{"value": "4:\t[0s / 1s],\t\ttrain_loss: 3.0121,\ttrain_loss_surv: 3.0063,\ttrain_loss_wass: 0.0010,\tval_loss: 3.1385,\tval_loss_surv: 3.1345,\tval_loss_wass: 0.0007", "step": null, "ts": 1637128850.5197172}]}, "version": 55}
{"obj": {"type": "LogStrings", "path": ["monitoring", "stdout"], "values": [{"value": "\n", "step": null, "ts": 1637128850.5203779}]}, "version": 56}
{"obj": {"type": "LogStrings", "path": ["monitoring", "stdout"], "values": [{"value": "5:\t[0s / 1s],\t\ttrain_loss: 2.9886,\ttrain_loss_surv: 2.9834,\ttrain_loss_wass: 0.0009,\tval_loss: 3.1356,\tval_loss_surv: 3.1320,\tval_loss_wass: 0.0006", "step": null, "ts": 1637128850.8004575}]}, "version": 57}
{"obj": {"type": "LogStrings", "path": ["monitoring", "stdout"], "values": [{"value": "\n", "step": null, "ts": 1637128850.801387}]}, "version": 58}
{"obj": {"type": "LogStrings", "path": ["monitoring", "stdout"], "values": [{"value": "6:\t[0s / 1s],\t\ttrain_loss: 2.8763,\ttrain_loss_surv: 2.8712,\ttrain_loss_wass: 0.0009,\tval_loss: 3.1325,\tval_loss_surv: 3.1291,\tval_loss_wass: 0.0006", "step": null, "ts": 1637128851.0736485}]}, "version": 59}
{"obj": {"type": "LogStrings", "path": ["monitoring", "stdout"], "values": [{"value": "\n", "step": null, "ts": 1637128851.0743167}]}, "version": 60}
{"obj": {"type": "LogStrings", "path": ["monitoring", "stdout"], "values": [{"value": "7:\t[0s / 2s],\t\ttrain_loss: 2.8567,\ttrain_loss_surv: 2.8475,\ttrain_loss_wass: 0.0017,\tval_loss: 3.1294,\tval_loss_surv: 3.1261,\tval_loss_wass: 0.0006", "step": null, "ts": 1637128851.3137379}]}, "version": 61}
{"obj": {"type": "LogStrings", "path": ["monitoring", "stdout"], "values": [{"value": "\n", "step": null, "ts": 1637128851.3142357}]}, "version": 62}
{"obj": {"type": "LogStrings", "path": ["monitoring", "stdout"], "values": [{"value": "8:\t[0s / 2s],\t\ttrain_loss: 2.8336,\ttrain_loss_surv: 2.8237,\ttrain_loss_wass: 0.0018,\tval_loss: 3.1262,\tval_loss_surv: 3.1229,\tval_loss_wass: 0.0006", "step": null, "ts": 1637128851.5386322}]}, "version": 63}
{"obj": {"type": "LogStrings", "path": ["monitoring", "stdout"], "values": [{"value": "\n", "step": null, "ts": 1637128851.539074}]}, "version": 64}
{"obj": {"type": "LogStrings", "path": ["monitoring", "stdout"], "values": [{"value": "9:\t[0s / 2s],\t\ttrain_loss: 2.8209,\ttrain_loss_surv: 2.8156,\ttrain_loss_wass: 0.0010,\tval_loss: 3.1224,\tval_loss_surv: 3.1192,\tval_loss_wass: 0.0006", "step": null, "ts": 1637128851.76899}]}, "version": 65}
{"obj": {"type": "LogStrings", "path": ["monitoring", "stdout"], "values": [{"value": "\n", "step": null, "ts": 1637128851.7695296}]}, "version": 66}
{"obj": {"type": "LogStrings", "path": ["monitoring", "stdout"], "values": [{"value": "10:\t[0s / 2s],\t\ttrain_loss: 2.8037,\ttrain_loss_surv: 2.7987,\ttrain_loss_wass: 0.0009,\tval_loss: 3.1176,\tval_loss_surv: 3.1143,\tval_loss_wass: 0.0006", "step": null, "ts": 1637128851.9585674}]}, "version": 67}
{"obj": {"type": "LogStrings", "path": ["monitoring", "stdout"], "values": [{"value": "\n", "step": null, "ts": 1637128851.9589298}]}, "version": 68}
{"obj": {"type": "LogStrings", "path": ["monitoring", "stdout"], "values": [{"value": "11:\t[0s / 3s],\t\ttrain_loss: 2.7953,\ttrain_loss_surv: 2.7906,\ttrain_loss_wass: 0.0009,\tval_loss: 3.1124,\tval_loss_surv: 3.1093,\tval_loss_wass: 0.0006", "step": null, "ts": 1637128852.2275653}]}, "version": 69}
{"obj": {"type": "LogStrings", "path": ["monitoring", "stdout"], "values": [{"value": "\n", "step": null, "ts": 1637128852.2281008}]}, "version": 70}
{"obj": {"type": "LogStrings", "path": ["monitoring", "stdout"], "values": [{"value": "12:\t[0s / 3s],\t\ttrain_loss: 2.7379,\ttrain_loss_surv: 2.7337,\ttrain_loss_wass: 0.0008,\tval_loss: 3.1073,\tval_loss_surv: 3.1044,\tval_loss_wass: 0.0005", "step": null, "ts": 1637128852.4471204}]}, "version": 71}
{"obj": {"type": "LogStrings", "path": ["monitoring", "stdout"], "values": [{"value": "\n", "step": null, "ts": 1637128852.447638}]}, "version": 72}
{"obj": {"type": "LogStrings", "path": ["monitoring", "stdout"], "values": [{"value": "13:\t[0s / 3s],\t\ttrain_loss: 2.7070,\ttrain_loss_surv: 2.7034,\ttrain_loss_wass: 0.0006,\tval_loss: 3.1031,\tval_loss_surv: 3.1003,\tval_loss_wass: 0.0005", "step": null, "ts": 1637128852.6590123}]}, "version": 73}
{"obj": {"type": "LogStrings", "path": ["monitoring", "stdout"], "values": [{"value": "\n", "step": null, "ts": 1637128852.65948}]}, "version": 74}
{"obj": {"type": "LogStrings", "path": ["monitoring", "stdout"], "values": [{"value": "14:\t[0s / 3s],\t\ttrain_loss: 2.6878,\ttrain_loss_surv: 2.6793,\ttrain_loss_wass: 0.0015,\tval_loss: 3.0988,\tval_loss_surv: 3.0961,\tval_loss_wass: 0.0005", "step": null, "ts": 1637128852.8689208}]}, "version": 75}
{"obj": {"type": "LogStrings", "path": ["monitoring", "stdout"], "values": [{"value": "\n", "step": null, "ts": 1637128852.8693583}]}, "version": 76}
{"obj": {"type": "LogStrings", "path": ["monitoring", "stdout"], "values": [{"value": "15:\t[0s / 3s],\t\ttrain_loss: 2.6257,\ttrain_loss_surv: 2.6220,\ttrain_loss_wass: 0.0007,\tval_loss: 3.0913,\tval_loss_surv: 3.0886,\tval_loss_wass: 0.0005", "step": null, "ts": 1637128853.0623791}]}, "version": 77}
{"obj": {"type": "LogStrings", "path": ["monitoring", "stdout"], "values": [{"value": "\n", "step": null, "ts": 1637128853.0627236}]}, "version": 78}
{"obj": {"type": "LogStrings", "path": ["monitoring", "stdout"], "values": [{"value": "16:\t[0s / 4s],\t\ttrain_loss: 2.5874,\ttrain_loss_surv: 2.5808,\ttrain_loss_wass: 0.0012,\tval_loss: 3.0829,\tval_loss_surv: 3.0804,\tval_loss_wass: 0.0005", "step": null, "ts": 1637128853.2420845}]}, "version": 79}
{"obj": {"type": "LogStrings", "path": ["monitoring", "stdout"], "values": [{"value": "\n", "step": null, "ts": 1637128853.2425215}]}, "version": 80}
{"obj": {"type": "LogStrings", "path": ["monitoring", "stdout"], "values": [{"value": "17:\t[0s / 4s],\t\ttrain_loss: 2.5868,\ttrain_loss_surv: 2.5832,\ttrain_loss_wass: 0.0006,\tval_loss: 3.0767,\tval_loss_surv: 3.0742,\tval_loss_wass: 0.0005", "step": null, "ts": 1637128853.5775335}]}, "version": 81}
{"obj": {"type": "LogStrings", "path": ["monitoring", "stdout"], "values": [{"value": "\n", "step": null, "ts": 1637128853.5780127}]}, "version": 82}
{"obj": {"type": "LogStrings", "path": ["monitoring", "stdout"], "values": [{"value": "18:\t[0s / 4s],\t\ttrain_loss: 2.5955,\ttrain_loss_surv: 2.5917,\ttrain_loss_wass: 0.0007,\tval_loss: 3.0709,\tval_loss_surv: 3.0684,\tval_loss_wass: 0.0005", "step": null, "ts": 1637128853.7395716}]}, "version": 83}
{"obj": {"type": "LogStrings", "path": ["monitoring", "stdout"], "values": [{"value": "\n", "step": null, "ts": 1637128853.7399743}]}, "version": 84}
{"obj": {"type": "LogStrings", "path": ["monitoring", "stdout"], "values": [{"value": "19:\t[0s / 4s],\t\ttrain_loss: 2.5868,\ttrain_loss_surv: 2.5830,\ttrain_loss_wass: 0.0007,\tval_loss: 3.0632,\tval_loss_surv: 3.0608,\tval_loss_wass: 0.0004", "step": null, "ts": 1637128853.9242501}]}, "version": 85}
{"obj": {"type": "LogStrings", "path": ["monitoring", "stdout"], "values": [{"value": "\n", "step": null, "ts": 1637128853.9248223}]}, "version": 86}
{"obj": {"type": "LogStrings", "path": ["monitoring", "stderr"], "values": [{"value": "\r  0%|          | 0/200 [00:00<?, ?it/s]", "step": null, "ts": 1637128853.93503}]}, "version": 87}
{"obj": {"type": "LogStrings", "path": ["monitoring", "stderr"], "values": [{"value": "\r 38%|\u2588\u2588\u2588\u258a      | 77/200 [00:00<00:00, 768.91it/s]", "step": null, "ts": 1637128854.0366604}]}, "version": 88}
{"obj": {"type": "LogStrings", "path": ["monitoring", "stderr"], "values": [{"value": "\r 80%|\u2588\u2588\u2588\u2588\u2588\u2588\u2588\u2588  | 160/200 [00:00<00:00, 800.13it/s]", "step": null, "ts": 1637128854.13787}]}, "version": 89}
{"obj": {"type": "LogStrings", "path": ["monitoring", "stderr"], "values": [{"value": "", "step": null, "ts": 1637128854.1941833}]}, "version": 90}
{"obj": {"type": "LogStrings", "path": ["monitoring", "stderr"], "values": [{"value": "\r100%|\u2588\u2588\u2588\u2588\u2588\u2588\u2588\u2588\u2588\u2588| 200/200 [00:00<00:00, 774.06it/s]", "step": null, "ts": 1637128854.194819}]}, "version": 91}
{"obj": {"type": "LogStrings", "path": ["monitoring", "stderr"], "values": [{"value": "\n", "step": null, "ts": 1637128854.1957173}]}, "version": 92}
{"obj": {"type": "LogFloats", "path": ["monitoring", "cpu"], "values": [{"value": 68.8, "step": null, "ts": 1637128854.2384036}]}, "version": 93}
{"obj": {"type": "LogFloats", "path": ["monitoring", "memory"], "values": [{"value": 14.468727111816406, "step": null, "ts": 1637128854.2384036}]}, "version": 94}
{"obj": {"type": "LogStrings", "path": ["monitoring", "stderr"], "values": [{"value": "\r  0%|          | 0/200 [00:00<?, ?it/s]", "step": null, "ts": 1637128854.365104}]}, "version": 95}
{"obj": {"type": "LogStrings", "path": ["monitoring", "stderr"], "values": [{"value": "\r  0%|          | 1/200 [00:01<04:47,  1.44s/it]", "step": null, "ts": 1637128855.8087344}]}, "version": 96}
{"obj": {"type": "LogStrings", "path": ["monitoring", "stderr"], "values": [{"value": "\r 25%|\u2588\u2588\u258c       | 50/200 [00:01<00:03, 44.75it/s]", "step": null, "ts": 1637128855.909725}]}, "version": 97}
{"obj": {"type": "LogStrings", "path": ["monitoring", "stderr"], "values": [{"value": "\r 43%|\u2588\u2588\u2588\u2588\u258e     | 86/200 [00:01<00:01, 80.60it/s]", "step": null, "ts": 1637128856.0110354}]}, "version": 98}
{"obj": {"type": "LogStrings", "path": ["monitoring", "stderr"], "values": [{"value": "\r 62%|\u2588\u2588\u2588\u2588\u2588\u2588\u258e   | 125/200 [00:01<00:00, 123.74it/s]", "step": null, "ts": 1637128856.111531}]}, "version": 99}
{"obj": {"type": "LogStrings", "path": ["monitoring", "stderr"], "values": [{"value": "\r 86%|\u2588\u2588\u2588\u2588\u2588\u2588\u2588\u2588\u258b | 173/200 [00:01<00:00, 182.65it/s]", "step": null, "ts": 1637128856.212839}]}, "version": 100}
{"obj": {"type": "LogStrings", "path": ["monitoring", "stderr"], "values": [{"value": "", "step": null, "ts": 1637128856.2760088}]}, "version": 101}
{"obj": {"type": "LogStrings", "path": ["monitoring", "stderr"], "values": [{"value": "\r100%|\u2588\u2588\u2588\u2588\u2588\u2588\u2588\u2588\u2588\u2588| 200/200 [00:01<00:00, 104.69it/s]", "step": null, "ts": 1637128856.2766778}]}, "version": 102}
{"obj": {"type": "LogStrings", "path": ["monitoring", "stderr"], "values": [{"value": "\n", "step": null, "ts": 1637128856.277702}]}, "version": 103}
{"obj": {"type": "LogStrings", "path": ["monitoring", "stdout"], "values": [{"value": "0:\t[0s / 0s],\t\ttrain_loss: 3.2399,\ttrain_loss_surv: 3.2304,\ttrain_loss_wass: 0.0045,\tval_loss: 3.2506,\tval_loss_surv: 3.2423,\tval_loss_wass: 0.0039", "step": null, "ts": 1637128857.4571767}]}, "version": 104}
{"obj": {"type": "LogStrings", "path": ["monitoring", "stdout"], "values": [{"value": "\n", "step": null, "ts": 1637128857.4581592}]}, "version": 105}
{"obj": {"type": "LogStrings", "path": ["monitoring", "stdout"], "values": [{"value": "1:\t[0s / 1s],\t\ttrain_loss: 3.0567,\ttrain_loss_surv: 3.0491,\ttrain_loss_wass: 0.0036,\tval_loss: 3.2389,\tval_loss_surv: 3.2363,\tval_loss_wass: 0.0012", "step": null, "ts": 1637128858.4153855}]}, "version": 106}
{"obj": {"type": "LogStrings", "path": ["monitoring", "stdout"], "values": [{"value": "\n", "step": null, "ts": 1637128858.4158888}]}, "version": 107}
{"obj": {"type": "LogStrings", "path": ["monitoring", "stdout"], "values": [{"value": "2:\t[0s / 2s],\t\ttrain_loss: 3.0313,\ttrain_loss_surv: 3.0282,\ttrain_loss_wass: 0.0015,\tval_loss: 3.2221,\tval_loss_surv: 3.2203,\tval_loss_wass: 0.0008", "step": null, "ts": 1637128858.7367675}]}, "version": 108}
{"obj": {"type": "LogStrings", "path": ["monitoring", "stdout"], "values": [{"value": "\n", "step": null, "ts": 1637128858.7373211}]}, "version": 109}
{"obj": {"type": "LogStrings", "path": ["monitoring", "stdout"], "values": [{"value": "3:\t[0s / 2s],\t\ttrain_loss: 2.9285,\ttrain_loss_surv: 2.9258,\ttrain_loss_wass: 0.0013,\tval_loss: 3.2184,\tval_loss_surv: 3.2165,\tval_loss_wass: 0.0009", "step": null, "ts": 1637128859.4411385}]}, "version": 110}
{"obj": {"type": "LogStrings", "path": ["monitoring", "stdout"], "values": [{"value": "\n", "step": null, "ts": 1637128859.4418314}]}, "version": 111}
{"obj": {"type": "LogStrings", "path": ["monitoring", "stdout"], "values": [{"value": "4:\t[0s / 3s],\t\ttrain_loss: 2.8376,\ttrain_loss_surv: 2.8334,\ttrain_loss_wass: 0.0020,\tval_loss: 3.2029,\tval_loss_surv: 3.2012,\tval_loss_wass: 0.0008", "step": null, "ts": 1637128859.983231}]}, "version": 112}
{"obj": {"type": "LogStrings", "path": ["monitoring", "stdout"], "values": [{"value": "\n", "step": null, "ts": 1637128859.9837768}]}, "version": 113}
{"obj": {"type": "LogStrings", "path": ["monitoring", "stdout"], "values": [{"value": "5:\t[0s / 3s],\t\ttrain_loss: 2.8063,\ttrain_loss_surv: 2.8038,\ttrain_loss_wass: 0.0012,\tval_loss: 3.1891,\tval_loss_surv: 3.1875,\tval_loss_wass: 0.0008", "step": null, "ts": 1637128860.3449447}]}, "version": 114}
{"obj": {"type": "LogStrings", "path": ["monitoring", "stdout"], "values": [{"value": "\n", "step": null, "ts": 1637128860.345629}]}, "version": 115}
{"obj": {"type": "LogStrings", "path": ["monitoring", "stdout"], "values": [{"value": "6:\t[0s / 4s],\t\ttrain_loss: 2.7251,\ttrain_loss_surv: 2.7228,\ttrain_loss_wass: 0.0011,\tval_loss: 3.1964,\tval_loss_surv: 3.1944,\tval_loss_wass: 0.0009", "step": null, "ts": 1637128860.600507}]}, "version": 116}
{"obj": {"type": "LogStrings", "path": ["monitoring", "stdout"], "values": [{"value": "\n", "step": null, "ts": 1637128860.6010416}]}, "version": 117}
{"obj": {"type": "LogStrings", "path": ["monitoring", "stdout"], "values": [{"value": "7:\t[0s / 4s],\t\ttrain_loss: 2.5999,\ttrain_loss_surv: 2.5973,\ttrain_loss_wass: 0.0012,\tval_loss: 3.1980,\tval_loss_surv: 3.1963,\tval_loss_wass: 0.0008", "step": null, "ts": 1637128860.854198}]}, "version": 118}
{"obj": {"type": "LogStrings", "path": ["monitoring", "stdout"], "values": [{"value": "\n", "step": null, "ts": 1637128860.8546755}]}, "version": 119}
{"obj": {"type": "LogStrings", "path": ["monitoring", "stdout"], "values": [{"value": "8:\t[0s / 5s],\t\ttrain_loss: 2.5009,\ttrain_loss_surv: 2.4969,\ttrain_loss_wass: 0.0019,\tval_loss: 3.2283,\tval_loss_surv: 3.2267,\tval_loss_wass: 0.0008", "step": null, "ts": 1637128861.5575817}]}, "version": 120}
{"obj": {"type": "LogStrings", "path": ["monitoring", "stdout"], "values": [{"value": "\n", "step": null, "ts": 1637128861.5580482}]}, "version": 121}
{"obj": {"type": "LogStrings", "path": ["monitoring", "stdout"], "values": [{"value": "9:\t[0s / 5s],\t\ttrain_loss: 2.4235,\ttrain_loss_surv: 2.4203,\ttrain_loss_wass: 0.0015,\tval_loss: 3.2376,\tval_loss_surv: 3.2357,\tval_loss_wass: 0.0009", "step": null, "ts": 1637128861.9945655}]}, "version": 122}
{"obj": {"type": "LogStrings", "path": ["monitoring", "stdout"], "values": [{"value": "\n", "step": null, "ts": 1637128861.9951155}]}, "version": 123}
{"obj": {"type": "LogStrings", "path": ["monitoring", "stdout"], "values": [{"value": "10:\t[0s / 5s],\t\ttrain_loss: 2.3868,\ttrain_loss_surv: 2.3845,\ttrain_loss_wass: 0.0011,\tval_loss: 3.2708,\tval_loss_surv: 3.2690,\tval_loss_wass: 0.0008", "step": null, "ts": 1637128862.305497}]}, "version": 124}
{"obj": {"type": "LogStrings", "path": ["monitoring", "stdout"], "values": [{"value": "\n", "step": null, "ts": 1637128862.3058543}]}, "version": 125}
{"obj": {"type": "LogStrings", "path": ["monitoring", "stdout"], "values": [{"value": "11:\t[0s / 6s],\t\ttrain_loss: 2.3429,\ttrain_loss_surv: 2.3403,\ttrain_loss_wass: 0.0012,\tval_loss: 3.2900,\tval_loss_surv: 3.2880,\tval_loss_wass: 0.0010", "step": null, "ts": 1637128862.638534}]}, "version": 126}
{"obj": {"type": "LogStrings", "path": ["monitoring", "stdout"], "values": [{"value": "\n", "step": null, "ts": 1637128862.6390853}]}, "version": 127}
{"obj": {"type": "LogStrings", "path": ["monitoring", "stderr"], "values": [{"value": "\r  0%|          | 0/200 [00:00<?, ?it/s]", "step": null, "ts": 1637128862.649752}]}, "version": 128}
{"obj": {"type": "LogStrings", "path": ["monitoring", "stderr"], "values": [{"value": "\r 32%|\u2588\u2588\u2588\u258e      | 65/200 [00:00<00:00, 640.57it/s]", "step": null, "ts": 1637128862.752781}]}, "version": 129}
{"obj": {"type": "LogStrings", "path": ["monitoring", "stderr"], "values": [{"value": "\r 70%|\u2588\u2588\u2588\u2588\u2588\u2588\u2589   | 139/200 [00:00<00:00, 692.56it/s]", "step": null, "ts": 1637128862.8540661}]}, "version": 130}
{"obj": {"type": "LogStrings", "path": ["monitoring", "stderr"], "values": [{"value": "", "step": null, "ts": 1637128862.947867}]}, "version": 131}
{"obj": {"type": "LogStrings", "path": ["monitoring", "stderr"], "values": [{"value": "\r100%|\u2588\u2588\u2588\u2588\u2588\u2588\u2588\u2588\u2588\u2588| 200/200 [00:00<00:00, 671.56it/s]", "step": null, "ts": 1637128862.948843}]}, "version": 132}
{"obj": {"type": "LogStrings", "path": ["monitoring", "stderr"], "values": [{"value": "\n", "step": null, "ts": 1637128862.9500976}]}, "version": 133}
{"obj": {"type": "LogFloats", "path": ["monitoring", "cpu"], "values": [{"value": 46.1, "step": null, "ts": 1637128864.3647685}]}, "version": 134}
{"obj": {"type": "LogFloats", "path": ["monitoring", "memory"], "values": [{"value": 14.628238677978516, "step": null, "ts": 1637128864.3647685}]}, "version": 135}
{"obj": {"type": "LogStrings", "path": ["monitoring", "stderr"], "values": [{"value": "\r  0%|          | 0/200 [00:00<?, ?it/s]", "step": null, "ts": 1637128866.412342}]}, "version": 136}
{"obj": {"type": "LogStrings", "path": ["monitoring", "stderr"], "values": [{"value": "\r 25%|\u2588\u2588\u258c       | 50/200 [00:00<00:00, 499.56it/s]", "step": null, "ts": 1637128866.513653}]}, "version": 137}
{"obj": {"type": "LogStrings", "path": ["monitoring", "stderr"], "values": [{"value": "\r 50%|\u2588\u2588\u2588\u2588\u2588     | 100/200 [00:00<00:00, 448.83it/s]", "step": null, "ts": 1637128866.6330793}]}, "version": 138}
{"obj": {"type": "LogStrings", "path": ["monitoring", "stderr"], "values": [{"value": "\r 73%|\u2588\u2588\u2588\u2588\u2588\u2588\u2588\u258e  | 146/200 [00:00<00:00, 415.21it/s]", "step": null, "ts": 1637128866.7545128}]}, "version": 139}
{"obj": {"type": "LogStrings", "path": ["monitoring", "stderr"], "values": [{"value": "\r 94%|\u2588\u2588\u2588\u2588\u2588\u2588\u2588\u2588\u2588\u258d| 188/200 [00:00<00:00, 403.54it/s]", "step": null, "ts": 1637128866.8638148}]}, "version": 140}
{"obj": {"type": "LogStrings", "path": ["monitoring", "stderr"], "values": [{"value": "", "step": null, "ts": 1637128866.8883548}]}, "version": 141}
{"obj": {"type": "LogStrings", "path": ["monitoring", "stderr"], "values": [{"value": "\r100%|\u2588\u2588\u2588\u2588\u2588\u2588\u2588\u2588\u2588\u2588| 200/200 [00:00<00:00, 420.84it/s]", "step": null, "ts": 1637128866.8887234}]}, "version": 142}
{"obj": {"type": "LogStrings", "path": ["monitoring", "stderr"], "values": [{"value": "\n", "step": null, "ts": 1637128866.889586}]}, "version": 143}
{"obj": {"type": "LogFloats", "path": ["monitoring", "cpu"], "values": [{"value": 15.6, "step": null, "ts": 1637128874.3656046}]}, "version": 144}
{"obj": {"type": "LogFloats", "path": ["monitoring", "memory"], "values": [{"value": 14.770553588867188, "step": null, "ts": 1637128874.3656046}]}, "version": 145}
{"obj": {"type": "LogFloats", "path": ["monitoring", "cpu"], "values": [{"value": 9.3, "step": null, "ts": 1637128884.3662868}]}, "version": 146}
{"obj": {"type": "LogFloats", "path": ["monitoring", "memory"], "values": [{"value": 14.686229705810547, "step": null, "ts": 1637128884.3662868}]}, "version": 147}
{"obj": {"type": "LogFloats", "path": ["monitoring", "cpu"], "values": [{"value": 10.6, "step": null, "ts": 1637128894.3680036}]}, "version": 148}
{"obj": {"type": "LogFloats", "path": ["monitoring", "memory"], "values": [{"value": 14.26138687133789, "step": null, "ts": 1637128894.3680036}]}, "version": 149}
{"obj": {"type": "LogFloats", "path": ["monitoring", "cpu"], "values": [{"value": 5.3, "step": null, "ts": 1637128904.3687615}]}, "version": 150}
{"obj": {"type": "LogFloats", "path": ["monitoring", "memory"], "values": [{"value": 14.210800170898438, "step": null, "ts": 1637128904.3687615}]}, "version": 151}
{"obj": {"type": "LogFloats", "path": ["monitoring", "cpu"], "values": [{"value": 7.0, "step": null, "ts": 1637128914.3695514}]}, "version": 152}
{"obj": {"type": "LogFloats", "path": ["monitoring", "memory"], "values": [{"value": 14.264457702636719, "step": null, "ts": 1637128914.3695514}]}, "version": 153}
{"obj": {"type": "LogFloats", "path": ["monitoring", "cpu"], "values": [{"value": 7.2, "step": null, "ts": 1637128924.371188}]}, "version": 154}
{"obj": {"type": "LogFloats", "path": ["monitoring", "memory"], "values": [{"value": 14.256031036376953, "step": null, "ts": 1637128924.371188}]}, "version": 155}
{"obj": {"type": "LogFloats", "path": ["monitoring", "cpu"], "values": [{"value": 9.4, "step": null, "ts": 1637128934.372078}]}, "version": 156}
{"obj": {"type": "LogFloats", "path": ["monitoring", "memory"], "values": [{"value": 14.282047271728516, "step": null, "ts": 1637128934.372078}]}, "version": 157}
{"obj": {"type": "LogFloats", "path": ["monitoring", "cpu"], "values": [{"value": 8.1, "step": null, "ts": 1637128944.3736894}]}, "version": 158}
{"obj": {"type": "LogFloats", "path": ["monitoring", "memory"], "values": [{"value": 14.265266418457031, "step": null, "ts": 1637128944.3736894}]}, "version": 159}
{"obj": {"type": "LogFloats", "path": ["monitoring", "cpu"], "values": [{"value": 10.8, "step": null, "ts": 1637128954.3744354}]}, "version": 160}
{"obj": {"type": "LogFloats", "path": ["monitoring", "memory"], "values": [{"value": 14.295345306396484, "step": null, "ts": 1637128954.3744354}]}, "version": 161}
{"obj": {"type": "LogFloats", "path": ["monitoring", "cpu"], "values": [{"value": 10.5, "step": null, "ts": 1637128964.3760867}]}, "version": 162}
{"obj": {"type": "LogFloats", "path": ["monitoring", "memory"], "values": [{"value": 14.332176208496094, "step": null, "ts": 1637128964.3760867}]}, "version": 163}
{"obj": {"type": "LogFloats", "path": ["monitoring", "cpu"], "values": [{"value": 9.3, "step": null, "ts": 1637128974.378252}]}, "version": 164}
{"obj": {"type": "LogFloats", "path": ["monitoring", "memory"], "values": [{"value": 14.32553482055664, "step": null, "ts": 1637128974.378252}]}, "version": 165}
{"obj": {"type": "LogFloats", "path": ["monitoring", "cpu"], "values": [{"value": 6.6, "step": null, "ts": 1637128984.3788986}]}, "version": 166}
{"obj": {"type": "LogFloats", "path": ["monitoring", "memory"], "values": [{"value": 14.308868408203125, "step": null, "ts": 1637128984.3788986}]}, "version": 167}
{"obj": {"type": "LogFloats", "path": ["monitoring", "cpu"], "values": [{"value": 17.3, "step": null, "ts": 1637128994.384623}]}, "version": 168}
{"obj": {"type": "LogFloats", "path": ["monitoring", "memory"], "values": [{"value": 14.485065460205078, "step": null, "ts": 1637128994.384623}]}, "version": 169}
{"obj": {"type": "LogFloats", "path": ["monitoring", "cpu"], "values": [{"value": 6.8, "step": null, "ts": 1637129004.4260044}]}, "version": 170}
{"obj": {"type": "LogFloats", "path": ["monitoring", "memory"], "values": [{"value": 14.446548461914062, "step": null, "ts": 1637129004.4260044}]}, "version": 171}
{"obj": {"type": "LogFloats", "path": ["monitoring", "cpu"], "values": [{"value": 9.2, "step": null, "ts": 1637129014.4267397}]}, "version": 172}
{"obj": {"type": "LogFloats", "path": ["monitoring", "memory"], "values": [{"value": 14.304447174072266, "step": null, "ts": 1637129014.4267397}]}, "version": 173}
{"obj": {"type": "LogFloats", "path": ["monitoring", "cpu"], "values": [{"value": 6.8, "step": null, "ts": 1637129024.428455}]}, "version": 174}
{"obj": {"type": "LogFloats", "path": ["monitoring", "memory"], "values": [{"value": 14.335899353027344, "step": null, "ts": 1637129024.428455}]}, "version": 175}
{"obj": {"type": "LogFloats", "path": ["monitoring", "cpu"], "values": [{"value": 7.5, "step": null, "ts": 1637129034.429975}]}, "version": 176}
{"obj": {"type": "LogFloats", "path": ["monitoring", "memory"], "values": [{"value": 14.231300354003906, "step": null, "ts": 1637129034.429975}]}, "version": 177}
{"obj": {"type": "LogFloats", "path": ["monitoring", "cpu"], "values": [{"value": 8.1, "step": null, "ts": 1637129044.4307632}]}, "version": 178}
{"obj": {"type": "LogFloats", "path": ["monitoring", "memory"], "values": [{"value": 14.361282348632812, "step": null, "ts": 1637129044.4307632}]}, "version": 179}
{"obj": {"type": "LogFloats", "path": ["monitoring", "cpu"], "values": [{"value": 65.5, "step": null, "ts": 1637129054.4315066}]}, "version": 180}
{"obj": {"type": "LogFloats", "path": ["monitoring", "memory"], "values": [{"value": 14.595081329345703, "step": null, "ts": 1637129054.4315066}]}, "version": 181}
{"obj": {"type": "LogFloats", "path": ["monitoring", "cpu"], "values": [{"value": 37.9, "step": null, "ts": 1637129064.4322174}]}, "version": 182}
{"obj": {"type": "LogFloats", "path": ["monitoring", "memory"], "values": [{"value": 14.775089263916016, "step": null, "ts": 1637129064.4322174}]}, "version": 183}
{"obj": {"type": "LogFloats", "path": ["monitoring", "cpu"], "values": [{"value": 41.9, "step": null, "ts": 1637129074.4339406}]}, "version": 184}
{"obj": {"type": "LogFloats", "path": ["monitoring", "memory"], "values": [{"value": 14.874576568603516, "step": null, "ts": 1637129074.4339406}]}, "version": 185}
{"obj": {"type": "LogFloats", "path": ["monitoring", "cpu"], "values": [{"value": 5.3, "step": null, "ts": 1637129084.4347034}]}, "version": 186}
{"obj": {"type": "LogFloats", "path": ["monitoring", "memory"], "values": [{"value": 14.85049057006836, "step": null, "ts": 1637129084.4347034}]}, "version": 187}
{"obj": {"type": "LogFloats", "path": ["monitoring", "cpu"], "values": [{"value": 13.2, "step": null, "ts": 1637129094.4353724}]}, "version": 188}
{"obj": {"type": "LogFloats", "path": ["monitoring", "memory"], "values": [{"value": 14.785263061523438, "step": null, "ts": 1637129094.4353724}]}, "version": 189}
{"obj": {"type": "LogFloats", "path": ["monitoring", "cpu"], "values": [{"value": 6.1, "step": null, "ts": 1637129104.43605}]}, "version": 190}
{"obj": {"type": "LogFloats", "path": ["monitoring", "memory"], "values": [{"value": 14.747932434082031, "step": null, "ts": 1637129104.43605}]}, "version": 191}
