{"obj": {"type": "AssignString", "path": ["sys", "name"], "value": "Untitled"}, "version": 1}
{"obj": {"type": "AssignString", "path": ["sys", "description"], "value": ""}, "version": 2}
{"obj": {"type": "AssignString", "path": ["sys", "hostname"], "value": "gohan"}, "version": 3}
{"obj": {"type": "AssignBool", "path": ["sys", "failed"], "value": false}, "version": 4}
{"obj": {"type": "ClearStringLog", "path": ["monitoring", "stdout"]}, "version": 5}
{"obj": {"type": "ClearStringLog", "path": ["monitoring", "stderr"]}, "version": 6}
{"obj": {"type": "ConfigFloatSeries", "path": ["monitoring", "cpu"], "min": 0.0, "max": 100.0, "unit": "%"}, "version": 7}
{"obj": {"type": "ClearFloatLog", "path": ["monitoring", "cpu"]}, "version": 8}
{"obj": {"type": "ConfigFloatSeries", "path": ["monitoring", "memory"], "min": 0.0, "max": 15.318778991699219, "unit": "GB"}, "version": 9}
{"obj": {"type": "ClearFloatLog", "path": ["monitoring", "memory"]}, "version": 10}
{"obj": {"type": "LogStrings", "path": ["monitoring", "stdout"], "values": [{"value": "b''", "step": null, "ts": 1637612589.6056688}]}, "version": 11}
{"obj": {"type": "LogFloats", "path": ["monitoring", "cpu"], "values": [{"value": 18.6, "step": null, "ts": 1637612589.5967553}]}, "version": 12}
{"obj": {"type": "LogStrings", "path": ["monitoring", "stdout"], "values": [{"value": "b'https://app.neptune.ai/SurvCaus/RUNS/e/RUN-120\\n'", "step": null, "ts": 1637612589.6080966}]}, "version": 13}
{"obj": {"type": "LogFloats", "path": ["monitoring", "memory"], "values": [{"value": 12.505245208740234, "step": null, "ts": 1637612589.5967553}]}, "version": 14}
{"obj": {"type": "LogStrings", "path": ["monitoring", "stdout"], "values": [{"value": "b'Remember to stop your run once you\\xe2\\x80\\x99ve finished logging your metadata (https://docs.neptune.ai/api-reference/run#stop). It will be stopped automatically only when the notebook kernel/interactive console is terminated.\\n'", "step": null, "ts": 1637612589.6105616}]}, "version": 15}
{"obj": {"type": "UploadFile", "path": ["param_exp", "p_sim_0"], "ext": "json", "file_path": "/home/aabraich/Documents/APP/streamlit_app/param_exp/p_sim_0.json"}, "version": 16}
{"obj": {"type": "AssignString", "path": ["beta"], "value": "[ 0.42719892 -0.38654557  0.34976089 -0.31647674  0.28636    -0.25910924\n  0.23445174 -0.2121407   0.19195285 -0.17368612  0.1571577  -0.14220217\n  0.12866984 -0.11642529  0.10534596 -0.09532096  0.08624997 -0.0780422\n  0.07061551 -0.06389555  0.05781509 -0.05231325  0.04733499 -0.04283047\n  0.03875461]"}, "version": 17}
{"obj": {"type": "LogStrings", "path": ["monitoring", "stdout"], "values": [{"value": "WD = ", "step": null, "ts": 1637612590.3542016}]}, "version": 18}
{"obj": {"type": "LogStrings", "path": ["monitoring", "stdout"], "values": [{"value": " ", "step": null, "ts": 1637612590.3547115}]}, "version": 19}
{"obj": {"type": "LogStrings", "path": ["monitoring", "stdout"], "values": [{"value": "8.99887752532959", "step": null, "ts": 1637612590.354967}]}, "version": 20}
{"obj": {"type": "LogStrings", "path": ["monitoring", "stdout"], "values": [{"value": "\n", "step": null, "ts": 1637612590.3551598}]}, "version": 21}
{"obj": {"type": "LogStrings", "path": ["monitoring", "stdout"], "values": [{"value": "tt = 1 : 51 % ", "step": null, "ts": 1637612590.3553495}]}, "version": 22}
{"obj": {"type": "LogStrings", "path": ["monitoring", "stdout"], "values": [{"value": "\n", "step": null, "ts": 1637612590.3555417}]}, "version": 23}
{"obj": {"type": "LogStrings", "path": ["monitoring", "stdout"], "values": [{"value": "event = 1 : 50 %", "step": null, "ts": 1637612590.355739}]}, "version": 24}
{"obj": {"type": "LogStrings", "path": ["monitoring", "stdout"], "values": [{"value": "\n", "step": null, "ts": 1637612590.3559122}]}, "version": 25}
{"obj": {"type": "LogStrings", "path": ["monitoring", "stdout"], "values": [{"value": "Scheme : ", "step": null, "ts": 1637612590.3560834}]}, "version": 26}
{"obj": {"type": "LogStrings", "path": ["monitoring", "stdout"], "values": [{"value": " ", "step": null, "ts": 1637612590.3562531}]}, "version": 27}
{"obj": {"type": "LogStrings", "path": ["monitoring", "stdout"], "values": [{"value": "linear", "step": null, "ts": 1637612590.3564272}]}, "version": 28}
{"obj": {"type": "LogStrings", "path": ["monitoring", "stdout"], "values": [{"value": "\n", "step": null, "ts": 1637612590.3566}]}, "version": 29}
{"obj": {"type": "LogStrings", "path": ["monitoring", "stdout"], "values": [{"value": "Wd_para : ", "step": null, "ts": 1637612590.3567913}]}, "version": 30}
{"obj": {"type": "LogStrings", "path": ["monitoring", "stdout"], "values": [{"value": " ", "step": null, "ts": 1637612590.3569653}]}, "version": 31}
{"obj": {"type": "LogStrings", "path": ["monitoring", "stdout"], "values": [{"value": "10.0", "step": null, "ts": 1637612590.35714}]}, "version": 32}
{"obj": {"type": "LogStrings", "path": ["monitoring", "stdout"], "values": [{"value": "\n", "step": null, "ts": 1637612590.3573139}]}, "version": 33}
{"obj": {"type": "UploadFile", "path": ["data_exp", "data_0"], "ext": "csv", "file_path": "/home/aabraich/Documents/APP/streamlit_app/data_exp/data_0.csv"}, "version": 34}
{"obj": {"type": "AssignString", "path": ["Scheme"], "value": "linear"}, "version": 35}
{"obj": {"type": "AssignFloat", "path": ["wd"], "value": 8.99887752532959}, "version": 36}
{"obj": {"type": "AssignInt", "path": ["event=1"], "value": 50}, "version": 37}
{"obj": {"type": "AssignInt", "path": ["tt=1"], "value": 51}, "version": 38}
{"obj": {"type": "LogStrings", "path": ["monitoring", "stdout"], "values": [{"value": "[t-SNE] Computing 91 nearest neighbors...", "step": null, "ts": 1637612590.5289009}]}, "version": 39}
{"obj": {"type": "LogStrings", "path": ["monitoring", "stdout"], "values": [{"value": "\n", "step": null, "ts": 1637612590.529186}]}, "version": 40}
{"obj": {"type": "LogStrings", "path": ["monitoring", "stdout"], "values": [{"value": "[t-SNE] Indexed 1000 samples in 0.001s...", "step": null, "ts": 1637612590.5301237}]}, "version": 41}
{"obj": {"type": "LogStrings", "path": ["monitoring", "stdout"], "values": [{"value": "\n", "step": null, "ts": 1637612590.530448}]}, "version": 42}
{"obj": {"type": "LogStrings", "path": ["monitoring", "stdout"], "values": [{"value": "[t-SNE] Computed neighbors for 1000 samples in 0.125s...", "step": null, "ts": 1637612590.6563485}]}, "version": 43}
{"obj": {"type": "LogStrings", "path": ["monitoring", "stdout"], "values": [{"value": "\n", "step": null, "ts": 1637612590.6579888}]}, "version": 44}
{"obj": {"type": "LogStrings", "path": ["monitoring", "stdout"], "values": [{"value": "[t-SNE] Computed conditional probabilities for sample 1000 / 1000", "step": null, "ts": 1637612590.7295463}]}, "version": 45}
{"obj": {"type": "LogStrings", "path": ["monitoring", "stdout"], "values": [{"value": "\n", "step": null, "ts": 1637612590.730659}]}, "version": 46}
{"obj": {"type": "LogStrings", "path": ["monitoring", "stdout"], "values": [{"value": "[t-SNE] Mean sigma: 0.194984", "step": null, "ts": 1637612590.7311757}]}, "version": 47}
{"obj": {"type": "LogStrings", "path": ["monitoring", "stdout"], "values": [{"value": "\n", "step": null, "ts": 1637612590.7314022}]}, "version": 48}
{"obj": {"type": "LogFloats", "path": ["monitoring", "cpu"], "values": [{"value": 96.7, "step": null, "ts": 1637612599.6105945}]}, "version": 49}
{"obj": {"type": "LogFloats", "path": ["monitoring", "memory"], "values": [{"value": 12.667564392089844, "step": null, "ts": 1637612599.6105945}]}, "version": 50}
{"obj": {"type": "LogStrings", "path": ["monitoring", "stdout"], "values": [{"value": "[t-SNE] KL divergence after 250 iterations with early exaggeration: 72.766251", "step": null, "ts": 1637612605.9373705}]}, "version": 51}
{"obj": {"type": "LogStrings", "path": ["monitoring", "stdout"], "values": [{"value": "\n", "step": null, "ts": 1637612605.938851}]}, "version": 52}
{"obj": {"type": "LogFloats", "path": ["monitoring", "cpu"], "values": [{"value": 100.0, "step": null, "ts": 1637612609.6115055}]}, "version": 53}
{"obj": {"type": "LogFloats", "path": ["monitoring", "memory"], "values": [{"value": 12.605716705322266, "step": null, "ts": 1637612609.6115055}]}, "version": 54}
{"obj": {"type": "LogStrings", "path": ["monitoring", "stdout"], "values": [{"value": "[t-SNE] KL divergence after 1000 iterations: 1.967736", "step": null, "ts": 1637612609.9959178}]}, "version": 55}
{"obj": {"type": "LogStrings", "path": ["monitoring", "stdout"], "values": [{"value": "\n", "step": null, "ts": 1637612609.9976766}]}, "version": 56}
{"obj": {"type": "LogStrings", "path": ["monitoring", "stderr"], "values": [{"value": "<ipython-input-8-e7a54b1301e3>:15: UserWarning:\n\nMatplotlib is currently using module://ipykernel.pylab.backend_inline, which is a non-GUI backend, so cannot show the figure.\n\n", "step": null, "ts": 1637612610.1040766}]}, "version": 57}
{"obj": {"type": "UploadFile", "path": ["plots_exp", "TSNE initial_0"], "ext": "png", "file_path": "/home/aabraich/Documents/APP/streamlit_app/plots_exp/TSNE initial_0.png"}, "version": 58}
{"obj": {"type": "LogStrings", "path": ["monitoring", "stderr"], "values": [{"value": "/home/aabraich/anaconda3/lib/python3.8/site-packages/pycox/preprocessing/discretization.py:37: UserWarning:\n\ncuts are not unique, continue with 26 cuts instead of 30\n\n", "step": null, "ts": 1637612611.5185578}]}, "version": 59}
{"obj": {"type": "LogStrings", "path": ["monitoring", "stderr"], "values": [{"value": "/home/aabraich/anaconda3/lib/python3.8/site-packages/pycox/preprocessing/discretization.py:37: UserWarning:\n\ncuts are not unique, continue with 26 cuts instead of 30\n\n", "step": null, "ts": 1637612611.565849}]}, "version": 60}
{"obj": {"type": "LogStrings", "path": ["monitoring", "stderr"], "values": [{"value": "/home/aabraich/anaconda3/lib/python3.8/site-packages/pycox/preprocessing/discretization.py:37: UserWarning:\n\ncuts are not unique, continue with 26 cuts instead of 30\n\n", "step": null, "ts": 1637612611.6164086}]}, "version": 61}
{"obj": {"type": "LogStrings", "path": ["monitoring", "stdout"], "values": [{"value": "0:\t[0s / 0s],\t\ttrain_loss: 1.8302,\ttrain_loss_surv: 1.8302,\ttrain_loss_wass: 0.0005,\tval_loss: 2.1017,\tval_loss_surv: 2.1016,\tval_loss_wass: 0.0011", "step": null, "ts": 1637612611.6967213}]}, "version": 62}
{"obj": {"type": "LogStrings", "path": ["monitoring", "stdout"], "values": [{"value": "\n", "step": null, "ts": 1637612611.6971598}]}, "version": 63}
{"obj": {"type": "LogStrings", "path": ["monitoring", "stdout"], "values": [{"value": "1:\t[0s / 0s],\t\ttrain_loss: 1.6217,\ttrain_loss_surv: 1.6216,\ttrain_loss_wass: 0.0008,\tval_loss: 2.0909,\tval_loss_surv: 2.0909,\tval_loss_wass: 0.0021", "step": null, "ts": 1637612611.7600465}]}, "version": 64}
{"obj": {"type": "LogStrings", "path": ["monitoring", "stdout"], "values": [{"value": "\n", "step": null, "ts": 1637612611.7603977}]}, "version": 65}
{"obj": {"type": "LogStrings", "path": ["monitoring", "stdout"], "values": [{"value": "2:\t[0s / 0s],\t\ttrain_loss: 1.6367,\ttrain_loss_surv: 1.6367,\ttrain_loss_wass: 0.0017,\tval_loss: 2.0742,\tval_loss_surv: 2.0741,\tval_loss_wass: 0.0039", "step": null, "ts": 1637612611.82408}]}, "version": 66}
{"obj": {"type": "LogStrings", "path": ["monitoring", "stdout"], "values": [{"value": "\n", "step": null, "ts": 1637612611.8244588}]}, "version": 67}
{"obj": {"type": "LogStrings", "path": ["monitoring", "stdout"], "values": [{"value": "3:\t[0s / 0s],\t\ttrain_loss: 1.6195,\ttrain_loss_surv: 1.6195,\ttrain_loss_wass: 0.0026,\tval_loss: 2.0450,\tval_loss_surv: 2.0448,\tval_loss_wass: 0.0053", "step": null, "ts": 1637612611.8834987}]}, "version": 68}
{"obj": {"type": "LogStrings", "path": ["monitoring", "stdout"], "values": [{"value": "\n", "step": null, "ts": 1637612611.883827}]}, "version": 69}
{"obj": {"type": "LogStrings", "path": ["monitoring", "stdout"], "values": [{"value": "4:\t[0s / 0s],\t\ttrain_loss: 1.5430,\ttrain_loss_surv: 1.5428,\ttrain_loss_wass: 0.0033,\tval_loss: 2.0171,\tval_loss_surv: 2.0168,\tval_loss_wass: 0.0078", "step": null, "ts": 1637612611.9462812}]}, "version": 70}
{"obj": {"type": "LogStrings", "path": ["monitoring", "stdout"], "values": [{"value": "\n", "step": null, "ts": 1637612611.9466994}]}, "version": 71}
{"obj": {"type": "LogStrings", "path": ["monitoring", "stdout"], "values": [{"value": "5:\t[0s / 0s],\t\ttrain_loss: 1.5326,\ttrain_loss_surv: 1.5325,\ttrain_loss_wass: 0.0048,\tval_loss: 2.0028,\tval_loss_surv: 2.0025,\tval_loss_wass: 0.0095", "step": null, "ts": 1637612612.0312462}]}, "version": 72}
{"obj": {"type": "LogStrings", "path": ["monitoring", "stdout"], "values": [{"value": "\n", "step": null, "ts": 1637612612.031612}]}, "version": 73}
{"obj": {"type": "LogStrings", "path": ["monitoring", "stdout"], "values": [{"value": "6:\t[0s / 0s],\t\ttrain_loss: 1.5935,\ttrain_loss_surv: 1.5934,\ttrain_loss_wass: 0.0057,\tval_loss: 1.9862,\tval_loss_surv: 1.9859,\tval_loss_wass: 0.0092", "step": null, "ts": 1637612612.1569421}]}, "version": 74}
{"obj": {"type": "LogStrings", "path": ["monitoring", "stdout"], "values": [{"value": "\n", "step": null, "ts": 1637612612.1575572}]}, "version": 75}
{"obj": {"type": "LogStrings", "path": ["monitoring", "stdout"], "values": [{"value": "7:\t[0s / 0s],\t\ttrain_loss: 1.5627,\ttrain_loss_surv: 1.5625,\ttrain_loss_wass: 0.0060,\tval_loss: 2.0306,\tval_loss_surv: 2.0303,\tval_loss_wass: 0.0104", "step": null, "ts": 1637612612.2737424}]}, "version": 76}
{"obj": {"type": "LogStrings", "path": ["monitoring", "stdout"], "values": [{"value": "\n", "step": null, "ts": 1637612612.2741365}]}, "version": 77}
{"obj": {"type": "LogStrings", "path": ["monitoring", "stdout"], "values": [{"value": "8:\t[0s / 0s],\t\ttrain_loss: 1.5353,\ttrain_loss_surv: 1.5351,\ttrain_loss_wass: 0.0051,\tval_loss: 2.2598,\tval_loss_surv: 2.2596,\tval_loss_wass: 0.0047", "step": null, "ts": 1637612612.4624314}]}, "version": 78}
{"obj": {"type": "LogStrings", "path": ["monitoring", "stdout"], "values": [{"value": "\n", "step": null, "ts": 1637612612.463135}]}, "version": 79}
{"obj": {"type": "LogStrings", "path": ["monitoring", "stdout"], "values": [{"value": "9:\t[0s / 0s],\t\ttrain_loss: 1.5025,\ttrain_loss_surv: 1.5025,\ttrain_loss_wass: 0.0014,\tval_loss: 2.3607,\tval_loss_surv: 2.3606,\tval_loss_wass: 0.0025", "step": null, "ts": 1637612612.573055}]}, "version": 80}
{"obj": {"type": "LogStrings", "path": ["monitoring", "stdout"], "values": [{"value": "\n", "step": null, "ts": 1637612612.573367}]}, "version": 81}
{"obj": {"type": "LogStrings", "path": ["monitoring", "stdout"], "values": [{"value": "10:\t[0s / 1s],\t\ttrain_loss: 1.4736,\ttrain_loss_surv: 1.4735,\ttrain_loss_wass: 0.0015,\tval_loss: 2.3295,\tval_loss_surv: 2.3293,\tval_loss_wass: 0.0034", "step": null, "ts": 1637612612.665757}]}, "version": 82}
{"obj": {"type": "LogStrings", "path": ["monitoring", "stdout"], "values": [{"value": "\n", "step": null, "ts": 1637612612.6663826}]}, "version": 83}
{"obj": {"type": "LogStrings", "path": ["monitoring", "stderr"], "values": [{"value": "\r  0%|          | 0/320 [00:00<?, ?it/s]", "step": null, "ts": 1637612612.679706}]}, "version": 84}
{"obj": {"type": "LogStrings", "path": ["monitoring", "stderr"], "values": [{"value": "\r 26%|\u2588\u2588\u258c       | 82/320 [00:00<00:00, 811.72it/s]", "step": null, "ts": 1637612612.7821198}]}, "version": 85}
{"obj": {"type": "LogStrings", "path": ["monitoring", "stderr"], "values": [{"value": "\r 53%|\u2588\u2588\u2588\u2588\u2588\u258e    | 169/320 [00:00<00:00, 844.32it/s]", "step": null, "ts": 1637612612.8823938}]}, "version": 86}
{"obj": {"type": "LogStrings", "path": ["monitoring", "stderr"], "values": [{"value": "\r 81%|\u2588\u2588\u2588\u2588\u2588\u2588\u2588\u2588\u258f | 260/320 [00:00<00:00, 870.86it/s]", "step": null, "ts": 1637612612.9833927}]}, "version": 87}
{"obj": {"type": "LogStrings", "path": ["monitoring", "stderr"], "values": [{"value": "", "step": null, "ts": 1637612613.0516222}]}, "version": 88}
{"obj": {"type": "LogStrings", "path": ["monitoring", "stderr"], "values": [{"value": "\r100%|\u2588\u2588\u2588\u2588\u2588\u2588\u2588\u2588\u2588\u2588| 320/320 [00:00<00:00, 861.95it/s]", "step": null, "ts": 1637612613.052246}]}, "version": 89}
{"obj": {"type": "LogStrings", "path": ["monitoring", "stderr"], "values": [{"value": "\n", "step": null, "ts": 1637612613.0529187}]}, "version": 90}
{"obj": {"type": "LogStrings", "path": ["monitoring", "stderr"], "values": [{"value": "/home/aabraich/anaconda3/lib/python3.8/site-packages/pycox/preprocessing/discretization.py:37: UserWarning:\n\ncuts are not unique, continue with 21 cuts instead of 24\n\n", "step": null, "ts": 1637612613.0858955}]}, "version": 91}
{"obj": {"type": "LogStrings", "path": ["monitoring", "stderr"], "values": [{"value": "/home/aabraich/anaconda3/lib/python3.8/site-packages/pycox/preprocessing/discretization.py:37: UserWarning:\n\ncuts are not unique, continue with 21 cuts instead of 24\n\n", "step": null, "ts": 1637612613.1280305}]}, "version": 92}
{"obj": {"type": "LogStrings", "path": ["monitoring", "stderr"], "values": [{"value": "/home/aabraich/anaconda3/lib/python3.8/site-packages/pycox/preprocessing/discretization.py:37: UserWarning:\n\ncuts are not unique, continue with 21 cuts instead of 24\n\n", "step": null, "ts": 1637612613.1823971}]}, "version": 93}
{"obj": {"type": "LogStrings", "path": ["monitoring", "stdout"], "values": [{"value": "0:\t[0s / 0s],\t\ttrain_loss: 1.6923,\ttrain_loss_surv: 1.6923,\ttrain_loss_wass: 0.0007,\tval_loss: 1.9878,\tval_loss_surv: 1.9877,\tval_loss_wass: 0.0015", "step": null, "ts": 1637612613.2921574}]}, "version": 94}
{"obj": {"type": "LogStrings", "path": ["monitoring", "stdout"], "values": [{"value": "\n", "step": null, "ts": 1637612613.292773}]}, "version": 95}
{"obj": {"type": "LogStrings", "path": ["monitoring", "stdout"], "values": [{"value": "1:\t[0s / 0s],\t\ttrain_loss: 1.4879,\ttrain_loss_surv: 1.4879,\ttrain_loss_wass: 0.0009,\tval_loss: 1.9706,\tval_loss_surv: 1.9705,\tval_loss_wass: 0.0023", "step": null, "ts": 1637612613.3860524}]}, "version": 96}
{"obj": {"type": "LogStrings", "path": ["monitoring", "stdout"], "values": [{"value": "\n", "step": null, "ts": 1637612613.3865683}]}, "version": 97}
{"obj": {"type": "LogStrings", "path": ["monitoring", "stdout"], "values": [{"value": "2:\t[0s / 0s],\t\ttrain_loss: 1.5117,\ttrain_loss_surv: 1.5117,\ttrain_loss_wass: 0.0014,\tval_loss: 1.9440,\tval_loss_surv: 1.9440,\tval_loss_wass: 0.0028", "step": null, "ts": 1637612613.4830391}]}, "version": 98}
{"obj": {"type": "LogStrings", "path": ["monitoring", "stdout"], "values": [{"value": "\n", "step": null, "ts": 1637612613.483662}]}, "version": 99}
{"obj": {"type": "LogStrings", "path": ["monitoring", "stdout"], "values": [{"value": "3:\t[0s / 0s],\t\ttrain_loss: 1.4821,\ttrain_loss_surv: 1.4821,\ttrain_loss_wass: 0.0014,\tval_loss: 1.9156,\tval_loss_surv: 1.9155,\tval_loss_wass: 0.0032", "step": null, "ts": 1637612613.5744884}]}, "version": 100}
{"obj": {"type": "LogStrings", "path": ["monitoring", "stdout"], "values": [{"value": "\n", "step": null, "ts": 1637612613.5750766}]}, "version": 101}
{"obj": {"type": "LogStrings", "path": ["monitoring", "stdout"], "values": [{"value": "4:\t[0s / 0s],\t\ttrain_loss: 1.4111,\ttrain_loss_surv: 1.4111,\ttrain_loss_wass: 0.0018,\tval_loss: 1.8957,\tval_loss_surv: 1.8956,\tval_loss_wass: 0.0044", "step": null, "ts": 1637612613.662866}]}, "version": 102}
{"obj": {"type": "LogStrings", "path": ["monitoring", "stdout"], "values": [{"value": "\n", "step": null, "ts": 1637612613.6633153}]}, "version": 103}
{"obj": {"type": "LogStrings", "path": ["monitoring", "stdout"], "values": [{"value": "5:\t[0s / 0s],\t\ttrain_loss: 1.4638,\ttrain_loss_surv: 1.4637,\ttrain_loss_wass: 0.0026,\tval_loss: 1.8757,\tval_loss_surv: 1.8755,\tval_loss_wass: 0.0054", "step": null, "ts": 1637612613.7518992}]}, "version": 104}
{"obj": {"type": "LogStrings", "path": ["monitoring", "stdout"], "values": [{"value": "\n", "step": null, "ts": 1637612613.752338}]}, "version": 105}
{"obj": {"type": "LogStrings", "path": ["monitoring", "stdout"], "values": [{"value": "6:\t[0s / 0s],\t\ttrain_loss: 1.4267,\ttrain_loss_surv: 1.4266,\ttrain_loss_wass: 0.0026,\tval_loss: 1.8405,\tval_loss_surv: 1.8403,\tval_loss_wass: 0.0065", "step": null, "ts": 1637612613.8425684}]}, "version": 106}
{"obj": {"type": "LogStrings", "path": ["monitoring", "stdout"], "values": [{"value": "\n", "step": null, "ts": 1637612613.8431141}]}, "version": 107}
{"obj": {"type": "LogStrings", "path": ["monitoring", "stdout"], "values": [{"value": "7:\t[0s / 0s],\t\ttrain_loss: 1.3573,\ttrain_loss_surv: 1.3572,\ttrain_loss_wass: 0.0046,\tval_loss: 1.8088,\tval_loss_surv: 1.8085,\tval_loss_wass: 0.0109", "step": null, "ts": 1637612613.9415824}]}, "version": 108}
{"obj": {"type": "LogStrings", "path": ["monitoring", "stdout"], "values": [{"value": "\n", "step": null, "ts": 1637612613.9420226}]}, "version": 109}
{"obj": {"type": "LogStrings", "path": ["monitoring", "stdout"], "values": [{"value": "8:\t[0s / 0s],\t\ttrain_loss: 1.4401,\ttrain_loss_surv: 1.4400,\ttrain_loss_wass: 0.0054,\tval_loss: 1.7677,\tval_loss_surv: 1.7672,\tval_loss_wass: 0.0185", "step": null, "ts": 1637612614.056018}]}, "version": 110}
{"obj": {"type": "LogStrings", "path": ["monitoring", "stdout"], "values": [{"value": "\n", "step": null, "ts": 1637612614.0565646}]}, "version": 111}
{"obj": {"type": "LogStrings", "path": ["monitoring", "stdout"], "values": [{"value": "9:\t[0s / 1s],\t\ttrain_loss: 1.4365,\ttrain_loss_surv: 1.4363,\ttrain_loss_wass: 0.0091,\tval_loss: 1.7299,\tval_loss_surv: 1.7292,\tval_loss_wass: 0.0213", "step": null, "ts": 1637612614.2360187}]}, "version": 112}
{"obj": {"type": "LogStrings", "path": ["monitoring", "stdout"], "values": [{"value": "\n", "step": null, "ts": 1637612614.2364142}]}, "version": 113}
{"obj": {"type": "LogStrings", "path": ["monitoring", "stdout"], "values": [{"value": "10:\t[0s / 1s],\t\ttrain_loss: 1.4002,\ttrain_loss_surv: 1.3998,\ttrain_loss_wass: 0.0128,\tval_loss: 1.7209,\tval_loss_surv: 1.7202,\tval_loss_wass: 0.0237", "step": null, "ts": 1637612614.3565733}]}, "version": 114}
{"obj": {"type": "LogStrings", "path": ["monitoring", "stdout"], "values": [{"value": "\n", "step": null, "ts": 1637612614.3570428}]}, "version": 115}
{"obj": {"type": "LogStrings", "path": ["monitoring", "stdout"], "values": [{"value": "11:\t[0s / 1s],\t\ttrain_loss: 1.4465,\ttrain_loss_surv: 1.4461,\ttrain_loss_wass: 0.0113,\tval_loss: 1.7208,\tval_loss_surv: 1.7204,\tval_loss_wass: 0.0147", "step": null, "ts": 1637612614.524935}]}, "version": 116}
{"obj": {"type": "LogStrings", "path": ["monitoring", "stdout"], "values": [{"value": "\n", "step": null, "ts": 1637612614.5254784}]}, "version": 117}
{"obj": {"type": "LogStrings", "path": ["monitoring", "stdout"], "values": [{"value": "12:\t[0s / 1s],\t\ttrain_loss: 1.4522,\ttrain_loss_surv: 1.4520,\ttrain_loss_wass: 0.0075,\tval_loss: 1.7599,\tval_loss_surv: 1.7594,\tval_loss_wass: 0.0162", "step": null, "ts": 1637612614.7144208}]}, "version": 118}
{"obj": {"type": "LogStrings", "path": ["monitoring", "stdout"], "values": [{"value": "\n", "step": null, "ts": 1637612614.7151215}]}, "version": 119}
{"obj": {"type": "LogStrings", "path": ["monitoring", "stdout"], "values": [{"value": "13:\t[0s / 1s],\t\ttrain_loss: 1.4150,\ttrain_loss_surv: 1.4147,\ttrain_loss_wass: 0.0073,\tval_loss: 1.7985,\tval_loss_surv: 1.7979,\tval_loss_wass: 0.0177", "step": null, "ts": 1637612614.8203936}]}, "version": 120}
{"obj": {"type": "LogStrings", "path": ["monitoring", "stdout"], "values": [{"value": "\n", "step": null, "ts": 1637612614.8208277}]}, "version": 121}
{"obj": {"type": "LogStrings", "path": ["monitoring", "stdout"], "values": [{"value": "14:\t[0s / 1s],\t\ttrain_loss: 1.3741,\ttrain_loss_surv: 1.3738,\ttrain_loss_wass: 0.0097,\tval_loss: 1.7076,\tval_loss_surv: 1.7070,\tval_loss_wass: 0.0211", "step": null, "ts": 1637612614.9932008}]}, "version": 122}
{"obj": {"type": "LogStrings", "path": ["monitoring", "stdout"], "values": [{"value": "\n", "step": null, "ts": 1637612614.993684}]}, "version": 123}
{"obj": {"type": "LogStrings", "path": ["monitoring", "stdout"], "values": [{"value": "15:\t[0s / 1s],\t\ttrain_loss: 1.3793,\ttrain_loss_surv: 1.3790,\ttrain_loss_wass: 0.0102,\tval_loss: 1.7940,\tval_loss_surv: 1.7933,\tval_loss_wass: 0.0241", "step": null, "ts": 1637612615.1062896}]}, "version": 124}
{"obj": {"type": "LogStrings", "path": ["monitoring", "stdout"], "values": [{"value": "\n", "step": null, "ts": 1637612615.1067567}]}, "version": 125}
{"obj": {"type": "LogStrings", "path": ["monitoring", "stdout"], "values": [{"value": "16:\t[0s / 2s],\t\ttrain_loss: 1.4050,\ttrain_loss_surv: 1.4047,\ttrain_loss_wass: 0.0098,\tval_loss: 1.7464,\tval_loss_surv: 1.7458,\tval_loss_wass: 0.0208", "step": null, "ts": 1637612615.26244}]}, "version": 126}
{"obj": {"type": "LogStrings", "path": ["monitoring", "stdout"], "values": [{"value": "\n", "step": null, "ts": 1637612615.2629886}]}, "version": 127}
{"obj": {"type": "LogStrings", "path": ["monitoring", "stdout"], "values": [{"value": "17:\t[0s / 2s],\t\ttrain_loss: 1.4381,\ttrain_loss_surv: 1.4378,\ttrain_loss_wass: 0.0107,\tval_loss: 1.7770,\tval_loss_surv: 1.7762,\tval_loss_wass: 0.0250", "step": null, "ts": 1637612615.545474}]}, "version": 128}
{"obj": {"type": "LogStrings", "path": ["monitoring", "stdout"], "values": [{"value": "\n", "step": null, "ts": 1637612615.5459442}]}, "version": 129}
{"obj": {"type": "LogStrings", "path": ["monitoring", "stdout"], "values": [{"value": "18:\t[0s / 2s],\t\ttrain_loss: 1.3575,\ttrain_loss_surv: 1.3571,\ttrain_loss_wass: 0.0149,\tval_loss: 1.6923,\tval_loss_surv: 1.6916,\tval_loss_wass: 0.0255", "step": null, "ts": 1637612615.9954782}]}, "version": 130}
{"obj": {"type": "LogStrings", "path": ["monitoring", "stdout"], "values": [{"value": "\n", "step": null, "ts": 1637612615.9961228}]}, "version": 131}
{"obj": {"type": "LogStrings", "path": ["monitoring", "stdout"], "values": [{"value": "19:\t[0s / 3s],\t\ttrain_loss: 1.3933,\ttrain_loss_surv: 1.3930,\ttrain_loss_wass: 0.0109,\tval_loss: 1.7551,\tval_loss_surv: 1.7544,\tval_loss_wass: 0.0230", "step": null, "ts": 1637612616.328363}]}, "version": 132}
{"obj": {"type": "LogStrings", "path": ["monitoring", "stdout"], "values": [{"value": "\n", "step": null, "ts": 1637612616.3286283}]}, "version": 133}
{"obj": {"type": "LogStrings", "path": ["monitoring", "stderr"], "values": [{"value": "\r  0%|          | 0/320 [00:00<?, ?it/s]", "step": null, "ts": 1637612616.339596}]}, "version": 134}
{"obj": {"type": "LogStrings", "path": ["monitoring", "stderr"], "values": [{"value": "\r 25%|\u2588\u2588\u258c       | 81/320 [00:00<00:00, 801.20it/s]", "step": null, "ts": 1637612616.4421954}]}, "version": 135}
{"obj": {"type": "LogStrings", "path": ["monitoring", "stderr"], "values": [{"value": "\r 51%|\u2588\u2588\u2588\u2588\u2588     | 162/320 [00:00<00:00, 770.83it/s]", "step": null, "ts": 1637612616.5500906}]}, "version": 136}
{"obj": {"type": "LogStrings", "path": ["monitoring", "stderr"], "values": [{"value": "\r 75%|\u2588\u2588\u2588\u2588\u2588\u2588\u2588\u258c  | 240/320 [00:00<00:00, 398.69it/s]", "step": null, "ts": 1637612616.8625271}]}, "version": 137}
{"obj": {"type": "LogStrings", "path": ["monitoring", "stderr"], "values": [{"value": "\r 94%|\u2588\u2588\u2588\u2588\u2588\u2588\u2588\u2588\u2588\u258d| 301/320 [00:00<00:00, 450.53it/s]", "step": null, "ts": 1637612616.9630256}]}, "version": 138}
{"obj": {"type": "LogStrings", "path": ["monitoring", "stderr"], "values": [{"value": "", "step": null, "ts": 1637612616.998375}]}, "version": 139}
{"obj": {"type": "LogStrings", "path": ["monitoring", "stderr"], "values": [{"value": "\r100%|\u2588\u2588\u2588\u2588\u2588\u2588\u2588\u2588\u2588\u2588| 320/320 [00:00<00:00, 486.47it/s]", "step": null, "ts": 1637612616.9990394}]}, "version": 140}
{"obj": {"type": "LogStrings", "path": ["monitoring", "stderr"], "values": [{"value": "\n", "step": null, "ts": 1637612617.0002003}]}, "version": 141}
{"obj": {"type": "LogStrings", "path": ["monitoring", "stderr"], "values": [{"value": "/home/aabraich/anaconda3/lib/python3.8/site-packages/pycox/preprocessing/discretization.py:37: UserWarning:\n\ncuts are not unique, continue with 18 cuts instead of 20\n\n", "step": null, "ts": 1637612617.0487826}]}, "version": 142}
{"obj": {"type": "LogStrings", "path": ["monitoring", "stderr"], "values": [{"value": "/home/aabraich/anaconda3/lib/python3.8/site-packages/pycox/preprocessing/discretization.py:37: UserWarning:\n\ncuts are not unique, continue with 18 cuts instead of 20\n\n", "step": null, "ts": 1637612617.1099331}]}, "version": 143}
{"obj": {"type": "LogStrings", "path": ["monitoring", "stderr"], "values": [{"value": "/home/aabraich/anaconda3/lib/python3.8/site-packages/pycox/preprocessing/discretization.py:37: UserWarning:\n\ncuts are not unique, continue with 18 cuts instead of 20\n\n", "step": null, "ts": 1637612617.1704}]}, "version": 144}
{"obj": {"type": "LogStrings", "path": ["monitoring", "stdout"], "values": [{"value": "0:\t[0s / 0s],\t\ttrain_loss: 1.6933,\ttrain_loss_surv: 1.6933,\ttrain_loss_wass: 0.0004,\tval_loss: 1.8600,\tval_loss_surv: 1.8600,\tval_loss_wass: 0.0017", "step": null, "ts": 1637612617.3152022}]}, "version": 145}
{"obj": {"type": "LogStrings", "path": ["monitoring", "stdout"], "values": [{"value": "\n", "step": null, "ts": 1637612617.3198078}]}, "version": 146}
{"obj": {"type": "LogStrings", "path": ["monitoring", "stdout"], "values": [{"value": "1:\t[0s / 0s],\t\ttrain_loss: 1.6531,\ttrain_loss_surv: 1.6531,\ttrain_loss_wass: 0.0005,\tval_loss: 1.8591,\tval_loss_surv: 1.8591,\tval_loss_wass: 0.0017", "step": null, "ts": 1637612617.4376044}]}, "version": 147}
{"obj": {"type": "LogStrings", "path": ["monitoring", "stdout"], "values": [{"value": "\n", "step": null, "ts": 1637612617.4381433}]}, "version": 148}
{"obj": {"type": "LogStrings", "path": ["monitoring", "stdout"], "values": [{"value": "2:\t[0s / 0s],\t\ttrain_loss: 1.6377,\ttrain_loss_surv: 1.6377,\ttrain_loss_wass: 0.0006,\tval_loss: 1.8576,\tval_loss_surv: 1.8576,\tval_loss_wass: 0.0018", "step": null, "ts": 1637612617.5545802}]}, "version": 149}
{"obj": {"type": "LogStrings", "path": ["monitoring", "stdout"], "values": [{"value": "\n", "step": null, "ts": 1637612617.554978}]}, "version": 150}
{"obj": {"type": "LogStrings", "path": ["monitoring", "stdout"], "values": [{"value": "3:\t[0s / 0s],\t\ttrain_loss: 1.6275,\ttrain_loss_surv: 1.6275,\ttrain_loss_wass: 0.0007,\tval_loss: 1.8553,\tval_loss_surv: 1.8553,\tval_loss_wass: 0.0018", "step": null, "ts": 1637612617.6601782}]}, "version": 151}
{"obj": {"type": "LogStrings", "path": ["monitoring", "stdout"], "values": [{"value": "\n", "step": null, "ts": 1637612617.660752}]}, "version": 152}
{"obj": {"type": "LogStrings", "path": ["monitoring", "stdout"], "values": [{"value": "4:\t[0s / 0s],\t\ttrain_loss: 1.6720,\ttrain_loss_surv: 1.6720,\ttrain_loss_wass: 0.0008,\tval_loss: 1.8521,\tval_loss_surv: 1.8520,\tval_loss_wass: 0.0018", "step": null, "ts": 1637612617.7614691}]}, "version": 153}
{"obj": {"type": "LogStrings", "path": ["monitoring", "stdout"], "values": [{"value": "\n", "step": null, "ts": 1637612617.7618892}]}, "version": 154}
{"obj": {"type": "LogStrings", "path": ["monitoring", "stdout"], "values": [{"value": "5:\t[0s / 0s],\t\ttrain_loss: 1.6238,\ttrain_loss_surv: 1.6238,\ttrain_loss_wass: 0.0007,\tval_loss: 1.8478,\tval_loss_surv: 1.8478,\tval_loss_wass: 0.0018", "step": null, "ts": 1637612617.857255}]}, "version": 155}
{"obj": {"type": "LogStrings", "path": ["monitoring", "stdout"], "values": [{"value": "\n", "step": null, "ts": 1637612617.8576891}]}, "version": 156}
{"obj": {"type": "LogStrings", "path": ["monitoring", "stdout"], "values": [{"value": "6:\t[0s / 0s],\t\ttrain_loss: 1.6299,\ttrain_loss_surv: 1.6299,\ttrain_loss_wass: 0.0006,\tval_loss: 1.8437,\tval_loss_surv: 1.8437,\tval_loss_wass: 0.0018", "step": null, "ts": 1637612617.9525242}]}, "version": 157}
{"obj": {"type": "LogStrings", "path": ["monitoring", "stdout"], "values": [{"value": "\n", "step": null, "ts": 1637612617.9533536}]}, "version": 158}
{"obj": {"type": "LogStrings", "path": ["monitoring", "stdout"], "values": [{"value": "7:\t[0s / 0s],\t\ttrain_loss: 1.5870,\ttrain_loss_surv: 1.5870,\ttrain_loss_wass: 0.0004,\tval_loss: 1.8394,\tval_loss_surv: 1.8394,\tval_loss_wass: 0.0018", "step": null, "ts": 1637612618.0561798}]}, "version": 159}
{"obj": {"type": "LogStrings", "path": ["monitoring", "stdout"], "values": [{"value": "\n", "step": null, "ts": 1637612618.056676}]}, "version": 160}
{"obj": {"type": "LogStrings", "path": ["monitoring", "stdout"], "values": [{"value": "8:\t[0s / 0s],\t\ttrain_loss: 1.6144,\ttrain_loss_surv: 1.6144,\ttrain_loss_wass: 0.0006,\tval_loss: 1.8348,\tval_loss_surv: 1.8348,\tval_loss_wass: 0.0018", "step": null, "ts": 1637612618.1547205}]}, "version": 161}
{"obj": {"type": "LogStrings", "path": ["monitoring", "stdout"], "values": [{"value": "\n", "step": null, "ts": 1637612618.1552432}]}, "version": 162}
{"obj": {"type": "LogStrings", "path": ["monitoring", "stdout"], "values": [{"value": "9:\t[0s / 1s],\t\ttrain_loss: 1.6321,\ttrain_loss_surv: 1.6321,\ttrain_loss_wass: 0.0007,\tval_loss: 1.8300,\tval_loss_surv: 1.8300,\tval_loss_wass: 0.0018", "step": null, "ts": 1637612618.2493901}]}, "version": 163}
{"obj": {"type": "LogStrings", "path": ["monitoring", "stdout"], "values": [{"value": "\n", "step": null, "ts": 1637612618.2500527}]}, "version": 164}
{"obj": {"type": "LogStrings", "path": ["monitoring", "stdout"], "values": [{"value": "10:\t[0s / 1s],\t\ttrain_loss: 1.5781,\ttrain_loss_surv: 1.5781,\ttrain_loss_wass: 0.0006,\tval_loss: 1.8255,\tval_loss_surv: 1.8255,\tval_loss_wass: 0.0018", "step": null, "ts": 1637612618.3488429}]}, "version": 165}
{"obj": {"type": "LogStrings", "path": ["monitoring", "stdout"], "values": [{"value": "\n", "step": null, "ts": 1637612618.349474}]}, "version": 166}
{"obj": {"type": "LogStrings", "path": ["monitoring", "stdout"], "values": [{"value": "11:\t[0s / 1s],\t\ttrain_loss: 1.6274,\ttrain_loss_surv: 1.6274,\ttrain_loss_wass: 0.0009,\tval_loss: 1.8205,\tval_loss_surv: 1.8204,\tval_loss_wass: 0.0018", "step": null, "ts": 1637612618.4524596}]}, "version": 167}
{"obj": {"type": "LogStrings", "path": ["monitoring", "stdout"], "values": [{"value": "\n", "step": null, "ts": 1637612618.4529748}]}, "version": 168}
{"obj": {"type": "LogStrings", "path": ["monitoring", "stdout"], "values": [{"value": "12:\t[0s / 1s],\t\ttrain_loss: 1.5969,\ttrain_loss_surv: 1.5969,\ttrain_loss_wass: 0.0006,\tval_loss: 1.8146,\tval_loss_surv: 1.8146,\tval_loss_wass: 0.0018", "step": null, "ts": 1637612618.5538747}]}, "version": 169}
{"obj": {"type": "LogStrings", "path": ["monitoring", "stdout"], "values": [{"value": "\n", "step": null, "ts": 1637612618.554643}]}, "version": 170}
{"obj": {"type": "LogStrings", "path": ["monitoring", "stdout"], "values": [{"value": "13:\t[0s / 1s],\t\ttrain_loss: 1.5924,\ttrain_loss_surv: 1.5924,\ttrain_loss_wass: 0.0009,\tval_loss: 1.8088,\tval_loss_surv: 1.8087,\tval_loss_wass: 0.0018", "step": null, "ts": 1637612618.6598775}]}, "version": 171}
{"obj": {"type": "LogStrings", "path": ["monitoring", "stdout"], "values": [{"value": "\n", "step": null, "ts": 1637612618.6603396}]}, "version": 172}
{"obj": {"type": "LogStrings", "path": ["monitoring", "stdout"], "values": [{"value": "14:\t[0s / 1s],\t\ttrain_loss: 1.6002,\ttrain_loss_surv: 1.6001,\ttrain_loss_wass: 0.0005,\tval_loss: 1.8023,\tval_loss_surv: 1.8023,\tval_loss_wass: 0.0018", "step": null, "ts": 1637612618.7618496}]}, "version": 173}
{"obj": {"type": "LogStrings", "path": ["monitoring", "stdout"], "values": [{"value": "\n", "step": null, "ts": 1637612618.7622838}]}, "version": 174}
{"obj": {"type": "LogStrings", "path": ["monitoring", "stdout"], "values": [{"value": "15:\t[0s / 1s],\t\ttrain_loss: 1.5940,\ttrain_loss_surv: 1.5940,\ttrain_loss_wass: 0.0007,\tval_loss: 1.7951,\tval_loss_surv: 1.7951,\tval_loss_wass: 0.0018", "step": null, "ts": 1637612618.856097}]}, "version": 175}
{"obj": {"type": "LogStrings", "path": ["monitoring", "stdout"], "values": [{"value": "\n", "step": null, "ts": 1637612618.8566096}]}, "version": 176}
{"obj": {"type": "LogStrings", "path": ["monitoring", "stdout"], "values": [{"value": "16:\t[0s / 1s],\t\ttrain_loss: 1.5614,\ttrain_loss_surv: 1.5614,\ttrain_loss_wass: 0.0007,\tval_loss: 1.7872,\tval_loss_surv: 1.7872,\tval_loss_wass: 0.0018", "step": null, "ts": 1637612618.9527082}]}, "version": 177}
{"obj": {"type": "LogStrings", "path": ["monitoring", "stdout"], "values": [{"value": "\n", "step": null, "ts": 1637612618.9532113}]}, "version": 178}
{"obj": {"type": "LogStrings", "path": ["monitoring", "stdout"], "values": [{"value": "17:\t[0s / 1s],\t\ttrain_loss: 1.5294,\ttrain_loss_surv: 1.5294,\ttrain_loss_wass: 0.0007,\tval_loss: 1.7783,\tval_loss_surv: 1.7783,\tval_loss_wass: 0.0018", "step": null, "ts": 1637612619.0505295}]}, "version": 179}
{"obj": {"type": "LogStrings", "path": ["monitoring", "stdout"], "values": [{"value": "\n", "step": null, "ts": 1637612619.0509343}]}, "version": 180}
{"obj": {"type": "LogFloats", "path": ["monitoring", "cpu"], "values": [{"value": 61.8, "step": null, "ts": 1637612619.6126482}]}, "version": 181}
{"obj": {"type": "LogFloats", "path": ["monitoring", "memory"], "values": [{"value": 12.696735382080078, "step": null, "ts": 1637612619.6126482}]}, "version": 182}
{"obj": {"type": "LogFloats", "path": ["monitoring", "cpu"], "values": [{"value": 13.4, "step": null, "ts": 1637612629.6139982}]}, "version": 183}
{"obj": {"type": "LogFloats", "path": ["monitoring", "memory"], "values": [{"value": 12.74740219116211, "step": null, "ts": 1637612629.6139982}]}, "version": 184}
