{"obj": {"type": "AssignString", "path": ["sys", "name"], "value": "Untitled"}, "version": 1}
{"obj": {"type": "AssignString", "path": ["sys", "description"], "value": ""}, "version": 2}
{"obj": {"type": "AssignString", "path": ["sys", "hostname"], "value": "gohan"}, "version": 3}
{"obj": {"type": "AssignBool", "path": ["sys", "failed"], "value": false}, "version": 4}
{"obj": {"type": "ClearStringLog", "path": ["monitoring", "stdout"]}, "version": 5}
{"obj": {"type": "ClearStringLog", "path": ["monitoring", "stderr"]}, "version": 6}
{"obj": {"type": "ConfigFloatSeries", "path": ["monitoring", "cpu"], "min": 0.0, "max": 100.0, "unit": "%"}, "version": 7}
{"obj": {"type": "ClearFloatLog", "path": ["monitoring", "cpu"]}, "version": 8}
{"obj": {"type": "ConfigFloatSeries", "path": ["monitoring", "memory"], "min": 0.0, "max": 15.318778991699219, "unit": "GB"}, "version": 9}
{"obj": {"type": "ClearFloatLog", "path": ["monitoring", "memory"]}, "version": 10}
{"obj": {"type": "LogFloats", "path": ["monitoring", "cpu"], "values": [{"value": 38.9, "step": null, "ts": 1637122037.6431005}]}, "version": 11}
{"obj": {"type": "LogStrings", "path": ["monitoring", "stdout"], "values": [{"value": "b''", "step": null, "ts": 1637122037.6492062}]}, "version": 12}
{"obj": {"type": "LogFloats", "path": ["monitoring", "memory"], "values": [{"value": 14.692779541015625, "step": null, "ts": 1637122037.6431005}]}, "version": 13}
{"obj": {"type": "LogStrings", "path": ["monitoring", "stdout"], "values": [{"value": "b'https://app.neptune.ai/SurvCaus/RUNS/e/RUN-12\\n'", "step": null, "ts": 1637122037.6512082}]}, "version": 14}
{"obj": {"type": "LogStrings", "path": ["monitoring", "stdout"], "values": [{"value": "b'Remember to stop your run once you\\xe2\\x80\\x99ve finished logging your metadata (https://docs.neptune.ai/api-reference/run#stop). It will be stopped automatically only when the notebook kernel/interactive console is terminated.\\n'", "step": null, "ts": 1637122037.652755}]}, "version": 15}
{"obj": {"type": "LogStrings", "path": ["monitoring", "stdout"], "values": [{"value": "WD = ", "step": null, "ts": 1637122038.808048}]}, "version": 16}
{"obj": {"type": "LogStrings", "path": ["monitoring", "stdout"], "values": [{"value": " ", "step": null, "ts": 1637122038.808665}]}, "version": 17}
{"obj": {"type": "LogStrings", "path": ["monitoring", "stdout"], "values": [{"value": "110.77679443359375", "step": null, "ts": 1637122038.8090007}]}, "version": 18}
{"obj": {"type": "LogStrings", "path": ["monitoring", "stdout"], "values": [{"value": "\n", "step": null, "ts": 1637122038.8093178}]}, "version": 19}
{"obj": {"type": "LogStrings", "path": ["monitoring", "stdout"], "values": [{"value": "tt = 1 : 51 % ", "step": null, "ts": 1637122038.8096225}]}, "version": 20}
{"obj": {"type": "LogStrings", "path": ["monitoring", "stdout"], "values": [{"value": "\n", "step": null, "ts": 1637122038.80979}]}, "version": 21}
{"obj": {"type": "LogStrings", "path": ["monitoring", "stdout"], "values": [{"value": "event = 1 : 72 %", "step": null, "ts": 1637122038.8099587}]}, "version": 22}
{"obj": {"type": "LogStrings", "path": ["monitoring", "stdout"], "values": [{"value": "\n", "step": null, "ts": 1637122038.8104665}]}, "version": 23}
{"obj": {"type": "LogStrings", "path": ["monitoring", "stdout"], "values": [{"value": "Scheme : ", "step": null, "ts": 1637122038.81077}]}, "version": 24}
{"obj": {"type": "LogStrings", "path": ["monitoring", "stdout"], "values": [{"value": " ", "step": null, "ts": 1637122038.8110723}]}, "version": 25}
{"obj": {"type": "LogStrings", "path": ["monitoring", "stdout"], "values": [{"value": "nonlinear", "step": null, "ts": 1637122038.8113737}]}, "version": 26}
{"obj": {"type": "LogStrings", "path": ["monitoring", "stdout"], "values": [{"value": "\n", "step": null, "ts": 1637122038.811679}]}, "version": 27}
{"obj": {"type": "LogStrings", "path": ["monitoring", "stdout"], "values": [{"value": "[t-SNE] Computing 91 nearest neighbors...", "step": null, "ts": 1637122038.8816788}]}, "version": 28}
{"obj": {"type": "LogStrings", "path": ["monitoring", "stdout"], "values": [{"value": "\n", "step": null, "ts": 1637122038.8821516}]}, "version": 29}
{"obj": {"type": "LogStrings", "path": ["monitoring", "stdout"], "values": [{"value": "[t-SNE] Indexed 1000 samples in 0.000s...", "step": null, "ts": 1637122038.8828437}]}, "version": 30}
{"obj": {"type": "LogStrings", "path": ["monitoring", "stdout"], "values": [{"value": "\n", "step": null, "ts": 1637122038.8831704}]}, "version": 31}
{"obj": {"type": "LogStrings", "path": ["monitoring", "stdout"], "values": [{"value": "[t-SNE] Computed neighbors for 1000 samples in 0.153s...", "step": null, "ts": 1637122039.0362706}]}, "version": 32}
{"obj": {"type": "LogStrings", "path": ["monitoring", "stdout"], "values": [{"value": "\n", "step": null, "ts": 1637122039.0372543}]}, "version": 33}
{"obj": {"type": "LogStrings", "path": ["monitoring", "stdout"], "values": [{"value": "[t-SNE] Computed conditional probabilities for sample 1000 / 1000", "step": null, "ts": 1637122039.1112096}]}, "version": 34}
{"obj": {"type": "LogStrings", "path": ["monitoring", "stdout"], "values": [{"value": "\n", "step": null, "ts": 1637122039.11179}]}, "version": 35}
{"obj": {"type": "LogStrings", "path": ["monitoring", "stdout"], "values": [{"value": "[t-SNE] Mean sigma: 1.811275", "step": null, "ts": 1637122039.1121776}]}, "version": 36}
{"obj": {"type": "LogStrings", "path": ["monitoring", "stdout"], "values": [{"value": "\n", "step": null, "ts": 1637122039.1123822}]}, "version": 37}
{"obj": {"type": "LogStrings", "path": ["monitoring", "stdout"], "values": [{"value": "[t-SNE] KL divergence after 250 iterations with early exaggeration: 73.547874", "step": null, "ts": 1637122040.979337}]}, "version": 38}
{"obj": {"type": "LogStrings", "path": ["monitoring", "stdout"], "values": [{"value": "\n", "step": null, "ts": 1637122040.979929}]}, "version": 39}
{"obj": {"type": "LogStrings", "path": ["monitoring", "stdout"], "values": [{"value": "[t-SNE] KL divergence after 1000 iterations: 1.957225", "step": null, "ts": 1637122045.4843886}]}, "version": 40}
{"obj": {"type": "LogStrings", "path": ["monitoring", "stdout"], "values": [{"value": "\n", "step": null, "ts": 1637122045.4852219}]}, "version": 41}
{"obj": {"type": "UploadFile", "path": ["plot_exp", "TSNE_1"], "ext": "png", "file_path": "/home/aabraich/Documents/APP/streamlit_app/plot_exp/TSNE_1.png"}, "version": 42}
{"obj": {"type": "UploadFile", "path": ["data_exp", "data_sim_1"], "ext": "csv", "file_path": "/home/aabraich/Documents/APP/streamlit_app/data_exp/data_sim_1.csv"}, "version": 43}
{"obj": {"type": "LogFloats", "path": ["monitoring", "cpu"], "values": [{"value": 70.5, "step": null, "ts": 1637122047.6512866}]}, "version": 44}
{"obj": {"type": "LogFloats", "path": ["monitoring", "memory"], "values": [{"value": 14.742820739746094, "step": null, "ts": 1637122047.6512866}]}, "version": 45}
{"obj": {"type": "LogFloats", "path": ["monitoring", "cpu"], "values": [{"value": 17.1, "step": null, "ts": 1637122057.6523442}]}, "version": 46}
{"obj": {"type": "LogFloats", "path": ["monitoring", "memory"], "values": [{"value": 14.803951263427734, "step": null, "ts": 1637122057.6523442}]}, "version": 47}
{"obj": {"type": "LogFloats", "path": ["monitoring", "cpu"], "values": [{"value": 24.1, "step": null, "ts": 1637122067.653361}]}, "version": 48}
{"obj": {"type": "LogFloats", "path": ["monitoring", "memory"], "values": [{"value": 14.858856201171875, "step": null, "ts": 1637122067.653361}]}, "version": 49}
{"obj": {"type": "LogFloats", "path": ["monitoring", "cpu"], "values": [{"value": 27.1, "step": null, "ts": 1637122077.6542513}]}, "version": 50}
{"obj": {"type": "LogFloats", "path": ["monitoring", "memory"], "values": [{"value": 14.727153778076172, "step": null, "ts": 1637122077.6542513}]}, "version": 51}
{"obj": {"type": "LogFloats", "path": ["monitoring", "cpu"], "values": [{"value": 21.6, "step": null, "ts": 1637122087.655234}]}, "version": 52}
{"obj": {"type": "LogFloats", "path": ["monitoring", "memory"], "values": [{"value": 14.711799621582031, "step": null, "ts": 1637122087.655234}]}, "version": 53}
{"obj": {"type": "LogFloats", "path": ["monitoring", "cpu"], "values": [{"value": 22.1, "step": null, "ts": 1637122097.6567717}]}, "version": 54}
{"obj": {"type": "LogFloats", "path": ["monitoring", "memory"], "values": [{"value": 14.762931823730469, "step": null, "ts": 1637122097.6567717}]}, "version": 55}
{"obj": {"type": "LogFloats", "path": ["monitoring", "cpu"], "values": [{"value": 19.7, "step": null, "ts": 1637122107.6577563}]}, "version": 56}
{"obj": {"type": "LogFloats", "path": ["monitoring", "memory"], "values": [{"value": 14.657794952392578, "step": null, "ts": 1637122107.6577563}]}, "version": 57}
{"obj": {"type": "LogFloats", "path": ["monitoring", "cpu"], "values": [{"value": 21.9, "step": null, "ts": 1637122117.6587915}]}, "version": 58}
{"obj": {"type": "LogFloats", "path": ["monitoring", "memory"], "values": [{"value": 14.62826156616211, "step": null, "ts": 1637122117.6587915}]}, "version": 59}
{"obj": {"type": "LogFloats", "path": ["monitoring", "cpu"], "values": [{"value": 28.4, "step": null, "ts": 1637122127.6598096}]}, "version": 60}
{"obj": {"type": "LogFloats", "path": ["monitoring", "memory"], "values": [{"value": 14.6409912109375, "step": null, "ts": 1637122127.6598096}]}, "version": 61}
{"obj": {"type": "LogFloats", "path": ["monitoring", "cpu"], "values": [{"value": 27.9, "step": null, "ts": 1637122137.6606202}]}, "version": 62}
{"obj": {"type": "LogFloats", "path": ["monitoring", "memory"], "values": [{"value": 14.694843292236328, "step": null, "ts": 1637122137.6606202}]}, "version": 63}
{"obj": {"type": "LogFloats", "path": ["monitoring", "cpu"], "values": [{"value": 22.2, "step": null, "ts": 1637122147.6614726}]}, "version": 64}
{"obj": {"type": "LogFloats", "path": ["monitoring", "memory"], "values": [{"value": 14.648555755615234, "step": null, "ts": 1637122147.6614726}]}, "version": 65}
{"obj": {"type": "LogFloats", "path": ["monitoring", "cpu"], "values": [{"value": 17.8, "step": null, "ts": 1637122157.6623719}]}, "version": 66}
{"obj": {"type": "LogFloats", "path": ["monitoring", "memory"], "values": [{"value": 14.663402557373047, "step": null, "ts": 1637122157.6623719}]}, "version": 67}
{"obj": {"type": "LogFloats", "path": ["monitoring", "cpu"], "values": [{"value": 40.2, "step": null, "ts": 1637122167.6631}]}, "version": 68}
{"obj": {"type": "LogFloats", "path": ["monitoring", "memory"], "values": [{"value": 14.730354309082031, "step": null, "ts": 1637122167.6631}]}, "version": 69}
{"obj": {"type": "LogFloats", "path": ["monitoring", "cpu"], "values": [{"value": 23.6, "step": null, "ts": 1637122177.6642468}]}, "version": 70}
{"obj": {"type": "LogFloats", "path": ["monitoring", "memory"], "values": [{"value": 14.790767669677734, "step": null, "ts": 1637122177.6642468}]}, "version": 71}
{"obj": {"type": "LogFloats", "path": ["monitoring", "cpu"], "values": [{"value": 19.2, "step": null, "ts": 1637122187.6652057}]}, "version": 72}
{"obj": {"type": "LogFloats", "path": ["monitoring", "memory"], "values": [{"value": 14.773696899414062, "step": null, "ts": 1637122187.6652057}]}, "version": 73}
{"obj": {"type": "LogFloats", "path": ["monitoring", "cpu"], "values": [{"value": 24.2, "step": null, "ts": 1637122197.6673787}]}, "version": 74}
{"obj": {"type": "LogFloats", "path": ["monitoring", "memory"], "values": [{"value": 14.7965087890625, "step": null, "ts": 1637122197.6673787}]}, "version": 75}
{"obj": {"type": "LogFloats", "path": ["monitoring", "cpu"], "values": [{"value": 24.4, "step": null, "ts": 1637122207.6682215}]}, "version": 76}
{"obj": {"type": "LogFloats", "path": ["monitoring", "memory"], "values": [{"value": 14.767688751220703, "step": null, "ts": 1637122207.6682215}]}, "version": 77}
{"obj": {"type": "LogFloats", "path": ["monitoring", "cpu"], "values": [{"value": 15.8, "step": null, "ts": 1637122217.669125}]}, "version": 78}
{"obj": {"type": "LogFloats", "path": ["monitoring", "memory"], "values": [{"value": 14.806800842285156, "step": null, "ts": 1637122217.669125}]}, "version": 79}
{"obj": {"type": "LogFloats", "path": ["monitoring", "cpu"], "values": [{"value": 22.9, "step": null, "ts": 1637122227.670183}]}, "version": 80}
{"obj": {"type": "LogFloats", "path": ["monitoring", "memory"], "values": [{"value": 14.74112319946289, "step": null, "ts": 1637122227.670183}]}, "version": 81}
{"obj": {"type": "LogFloats", "path": ["monitoring", "cpu"], "values": [{"value": 21.0, "step": null, "ts": 1637122237.671101}]}, "version": 82}
{"obj": {"type": "LogFloats", "path": ["monitoring", "memory"], "values": [{"value": 14.712387084960938, "step": null, "ts": 1637122237.671101}]}, "version": 83}
{"obj": {"type": "LogFloats", "path": ["monitoring", "cpu"], "values": [{"value": 18.6, "step": null, "ts": 1637122247.672208}]}, "version": 84}
{"obj": {"type": "LogFloats", "path": ["monitoring", "memory"], "values": [{"value": 14.716987609863281, "step": null, "ts": 1637122247.672208}]}, "version": 85}
{"obj": {"type": "LogFloats", "path": ["monitoring", "cpu"], "values": [{"value": 15.3, "step": null, "ts": 1637122257.672921}]}, "version": 86}
{"obj": {"type": "LogFloats", "path": ["monitoring", "memory"], "values": [{"value": 14.717933654785156, "step": null, "ts": 1637122257.672921}]}, "version": 87}
{"obj": {"type": "LogFloats", "path": ["monitoring", "cpu"], "values": [{"value": 16.2, "step": null, "ts": 1637122267.6738105}]}, "version": 88}
{"obj": {"type": "LogFloats", "path": ["monitoring", "memory"], "values": [{"value": 14.71859359741211, "step": null, "ts": 1637122267.6738105}]}, "version": 89}
{"obj": {"type": "LogFloats", "path": ["monitoring", "cpu"], "values": [{"value": 18.9, "step": null, "ts": 1637122277.6745517}]}, "version": 90}
{"obj": {"type": "LogFloats", "path": ["monitoring", "memory"], "values": [{"value": 14.708683013916016, "step": null, "ts": 1637122277.6745517}]}, "version": 91}
{"obj": {"type": "LogFloats", "path": ["monitoring", "cpu"], "values": [{"value": 27.4, "step": null, "ts": 1637122287.675543}]}, "version": 92}
{"obj": {"type": "LogFloats", "path": ["monitoring", "memory"], "values": [{"value": 14.637733459472656, "step": null, "ts": 1637122287.675543}]}, "version": 93}
{"obj": {"type": "LogFloats", "path": ["monitoring", "cpu"], "values": [{"value": 21.5, "step": null, "ts": 1637122297.6767278}]}, "version": 94}
{"obj": {"type": "LogFloats", "path": ["monitoring", "memory"], "values": [{"value": 14.640117645263672, "step": null, "ts": 1637122297.6767278}]}, "version": 95}
{"obj": {"type": "LogFloats", "path": ["monitoring", "cpu"], "values": [{"value": 23.6, "step": null, "ts": 1637122307.677593}]}, "version": 96}
{"obj": {"type": "LogFloats", "path": ["monitoring", "memory"], "values": [{"value": 14.644115447998047, "step": null, "ts": 1637122307.677593}]}, "version": 97}
{"obj": {"type": "LogFloats", "path": ["monitoring", "cpu"], "values": [{"value": 22.4, "step": null, "ts": 1637122317.6784928}]}, "version": 98}
{"obj": {"type": "LogFloats", "path": ["monitoring", "memory"], "values": [{"value": 14.671184539794922, "step": null, "ts": 1637122317.6784928}]}, "version": 99}
{"obj": {"type": "LogFloats", "path": ["monitoring", "cpu"], "values": [{"value": 32.3, "step": null, "ts": 1637122327.679412}]}, "version": 100}
{"obj": {"type": "LogFloats", "path": ["monitoring", "memory"], "values": [{"value": 14.708980560302734, "step": null, "ts": 1637122327.679412}]}, "version": 101}
{"obj": {"type": "LogFloats", "path": ["monitoring", "cpu"], "values": [{"value": 17.9, "step": null, "ts": 1637122337.6802607}]}, "version": 102}
{"obj": {"type": "LogFloats", "path": ["monitoring", "memory"], "values": [{"value": 14.712211608886719, "step": null, "ts": 1637122337.6802607}]}, "version": 103}
{"obj": {"type": "LogFloats", "path": ["monitoring", "cpu"], "values": [{"value": 20.5, "step": null, "ts": 1637122347.6811237}]}, "version": 104}
{"obj": {"type": "LogFloats", "path": ["monitoring", "memory"], "values": [{"value": 14.682060241699219, "step": null, "ts": 1637122347.6811237}]}, "version": 105}
{"obj": {"type": "LogFloats", "path": ["monitoring", "cpu"], "values": [{"value": 27.5, "step": null, "ts": 1637122357.682027}]}, "version": 106}
{"obj": {"type": "LogFloats", "path": ["monitoring", "memory"], "values": [{"value": 14.704608917236328, "step": null, "ts": 1637122357.682027}]}, "version": 107}
{"obj": {"type": "LogFloats", "path": ["monitoring", "cpu"], "values": [{"value": 58.9, "step": null, "ts": 1637122367.6830933}]}, "version": 108}
{"obj": {"type": "LogFloats", "path": ["monitoring", "memory"], "values": [{"value": 14.872207641601562, "step": null, "ts": 1637122367.6830933}]}, "version": 109}
{"obj": {"type": "LogFloats", "path": ["monitoring", "cpu"], "values": [{"value": 29.5, "step": null, "ts": 1637122377.6846921}]}, "version": 110}
{"obj": {"type": "LogFloats", "path": ["monitoring", "memory"], "values": [{"value": 14.953643798828125, "step": null, "ts": 1637122377.6846921}]}, "version": 111}
{"obj": {"type": "LogFloats", "path": ["monitoring", "cpu"], "values": [{"value": 27.9, "step": null, "ts": 1637122387.6856003}]}, "version": 112}
{"obj": {"type": "LogFloats", "path": ["monitoring", "memory"], "values": [{"value": 15.008380889892578, "step": null, "ts": 1637122387.6856003}]}, "version": 113}
{"obj": {"type": "LogFloats", "path": ["monitoring", "cpu"], "values": [{"value": 24.7, "step": null, "ts": 1637122397.6865454}]}, "version": 114}
{"obj": {"type": "LogFloats", "path": ["monitoring", "memory"], "values": [{"value": 14.959232330322266, "step": null, "ts": 1637122397.6865454}]}, "version": 115}
{"obj": {"type": "LogFloats", "path": ["monitoring", "cpu"], "values": [{"value": 23.3, "step": null, "ts": 1637122407.6875184}]}, "version": 116}
{"obj": {"type": "LogFloats", "path": ["monitoring", "memory"], "values": [{"value": 14.984310150146484, "step": null, "ts": 1637122407.6875184}]}, "version": 117}
{"obj": {"type": "LogFloats", "path": ["monitoring", "cpu"], "values": [{"value": 39.2, "step": null, "ts": 1637122417.6892533}]}, "version": 118}
{"obj": {"type": "LogFloats", "path": ["monitoring", "memory"], "values": [{"value": 15.134468078613281, "step": null, "ts": 1637122417.6892533}]}, "version": 119}
{"obj": {"type": "LogFloats", "path": ["monitoring", "cpu"], "values": [{"value": 24.7, "step": null, "ts": 1637122427.692183}]}, "version": 120}
{"obj": {"type": "LogFloats", "path": ["monitoring", "memory"], "values": [{"value": 15.083393096923828, "step": null, "ts": 1637122427.692183}]}, "version": 121}
{"obj": {"type": "LogFloats", "path": ["monitoring", "cpu"], "values": [{"value": 27.9, "step": null, "ts": 1637122437.693503}]}, "version": 122}
{"obj": {"type": "LogFloats", "path": ["monitoring", "memory"], "values": [{"value": 15.1199951171875, "step": null, "ts": 1637122437.693503}]}, "version": 123}
{"obj": {"type": "LogFloats", "path": ["monitoring", "cpu"], "values": [{"value": 30.0, "step": null, "ts": 1637122447.701664}]}, "version": 124}
{"obj": {"type": "LogFloats", "path": ["monitoring", "memory"], "values": [{"value": 15.095226287841797, "step": null, "ts": 1637122447.701664}]}, "version": 125}
{"obj": {"type": "LogFloats", "path": ["monitoring", "cpu"], "values": [{"value": 23.8, "step": null, "ts": 1637122457.710204}]}, "version": 126}
{"obj": {"type": "LogFloats", "path": ["monitoring", "memory"], "values": [{"value": 14.667465209960938, "step": null, "ts": 1637122457.710204}]}, "version": 127}
{"obj": {"type": "LogFloats", "path": ["monitoring", "cpu"], "values": [{"value": 22.2, "step": null, "ts": 1637122467.7114325}]}, "version": 128}
{"obj": {"type": "LogFloats", "path": ["monitoring", "memory"], "values": [{"value": 14.667106628417969, "step": null, "ts": 1637122467.7114325}]}, "version": 129}
{"obj": {"type": "LogFloats", "path": ["monitoring", "cpu"], "values": [{"value": 19.3, "step": null, "ts": 1637122477.7124312}]}, "version": 130}
{"obj": {"type": "LogFloats", "path": ["monitoring", "memory"], "values": [{"value": 14.658496856689453, "step": null, "ts": 1637122477.7124312}]}, "version": 131}
{"obj": {"type": "LogFloats", "path": ["monitoring", "cpu"], "values": [{"value": 15.7, "step": null, "ts": 1637122487.7135086}]}, "version": 132}
{"obj": {"type": "LogFloats", "path": ["monitoring", "memory"], "values": [{"value": 14.643184661865234, "step": null, "ts": 1637122487.7135086}]}, "version": 133}
{"obj": {"type": "LogFloats", "path": ["monitoring", "cpu"], "values": [{"value": 16.8, "step": null, "ts": 1637122497.7142859}]}, "version": 134}
{"obj": {"type": "LogFloats", "path": ["monitoring", "memory"], "values": [{"value": 14.65625, "step": null, "ts": 1637122497.7142859}]}, "version": 135}
{"obj": {"type": "LogFloats", "path": ["monitoring", "cpu"], "values": [{"value": 16.6, "step": null, "ts": 1637122507.7151368}]}, "version": 136}
{"obj": {"type": "LogFloats", "path": ["monitoring", "memory"], "values": [{"value": 14.664314270019531, "step": null, "ts": 1637122507.7151368}]}, "version": 137}
{"obj": {"type": "LogFloats", "path": ["monitoring", "cpu"], "values": [{"value": 20.0, "step": null, "ts": 1637122517.7158654}]}, "version": 138}
{"obj": {"type": "LogFloats", "path": ["monitoring", "memory"], "values": [{"value": 14.650047302246094, "step": null, "ts": 1637122517.7158654}]}, "version": 139}
{"obj": {"type": "LogFloats", "path": ["monitoring", "cpu"], "values": [{"value": 15.6, "step": null, "ts": 1637122527.7167315}]}, "version": 140}
{"obj": {"type": "LogFloats", "path": ["monitoring", "memory"], "values": [{"value": 14.646915435791016, "step": null, "ts": 1637122527.7167315}]}, "version": 141}
{"obj": {"type": "LogFloats", "path": ["monitoring", "cpu"], "values": [{"value": 15.8, "step": null, "ts": 1637122537.7176466}]}, "version": 142}
{"obj": {"type": "LogFloats", "path": ["monitoring", "memory"], "values": [{"value": 14.646198272705078, "step": null, "ts": 1637122537.7176466}]}, "version": 143}
{"obj": {"type": "LogFloats", "path": ["monitoring", "cpu"], "values": [{"value": 22.9, "step": null, "ts": 1637122547.7185395}]}, "version": 144}
{"obj": {"type": "LogFloats", "path": ["monitoring", "memory"], "values": [{"value": 14.743457794189453, "step": null, "ts": 1637122547.7185395}]}, "version": 145}
{"obj": {"type": "LogFloats", "path": ["monitoring", "cpu"], "values": [{"value": 33.8, "step": null, "ts": 1637122557.7205522}]}, "version": 146}
{"obj": {"type": "LogFloats", "path": ["monitoring", "memory"], "values": [{"value": 14.73660659790039, "step": null, "ts": 1637122557.7205522}]}, "version": 147}
{"obj": {"type": "LogFloats", "path": ["monitoring", "cpu"], "values": [{"value": 16.6, "step": null, "ts": 1637122567.721594}]}, "version": 148}
{"obj": {"type": "LogFloats", "path": ["monitoring", "memory"], "values": [{"value": 14.740123748779297, "step": null, "ts": 1637122567.721594}]}, "version": 149}
{"obj": {"type": "LogFloats", "path": ["monitoring", "cpu"], "values": [{"value": 17.7, "step": null, "ts": 1637122577.7224352}]}, "version": 150}
{"obj": {"type": "LogFloats", "path": ["monitoring", "memory"], "values": [{"value": 14.738616943359375, "step": null, "ts": 1637122577.7224352}]}, "version": 151}
{"obj": {"type": "LogFloats", "path": ["monitoring", "cpu"], "values": [{"value": 21.9, "step": null, "ts": 1637122587.7235186}]}, "version": 152}
{"obj": {"type": "LogFloats", "path": ["monitoring", "memory"], "values": [{"value": 14.789939880371094, "step": null, "ts": 1637122587.7235186}]}, "version": 153}
{"obj": {"type": "LogFloats", "path": ["monitoring", "cpu"], "values": [{"value": 16.5, "step": null, "ts": 1637122597.724348}]}, "version": 154}
{"obj": {"type": "LogFloats", "path": ["monitoring", "memory"], "values": [{"value": 14.772262573242188, "step": null, "ts": 1637122597.724348}]}, "version": 155}
{"obj": {"type": "LogFloats", "path": ["monitoring", "cpu"], "values": [{"value": 34.6, "step": null, "ts": 1637122607.7251954}]}, "version": 156}
{"obj": {"type": "LogFloats", "path": ["monitoring", "memory"], "values": [{"value": 14.78790283203125, "step": null, "ts": 1637122607.7251954}]}, "version": 157}
{"obj": {"type": "LogFloats", "path": ["monitoring", "cpu"], "values": [{"value": 29.8, "step": null, "ts": 1637122617.7260108}]}, "version": 158}
{"obj": {"type": "LogFloats", "path": ["monitoring", "memory"], "values": [{"value": 14.812759399414062, "step": null, "ts": 1637122617.7260108}]}, "version": 159}
{"obj": {"type": "LogFloats", "path": ["monitoring", "cpu"], "values": [{"value": 26.3, "step": null, "ts": 1637122627.726959}]}, "version": 160}
{"obj": {"type": "LogFloats", "path": ["monitoring", "memory"], "values": [{"value": 14.82232666015625, "step": null, "ts": 1637122627.726959}]}, "version": 161}
{"obj": {"type": "LogFloats", "path": ["monitoring", "cpu"], "values": [{"value": 21.7, "step": null, "ts": 1637122637.7280178}]}, "version": 162}
{"obj": {"type": "LogFloats", "path": ["monitoring", "memory"], "values": [{"value": 14.803085327148438, "step": null, "ts": 1637122637.7280178}]}, "version": 163}
{"obj": {"type": "LogFloats", "path": ["monitoring", "cpu"], "values": [{"value": 18.8, "step": null, "ts": 1637122647.7292597}]}, "version": 164}
{"obj": {"type": "LogFloats", "path": ["monitoring", "memory"], "values": [{"value": 14.742813110351562, "step": null, "ts": 1637122647.7292597}]}, "version": 165}
{"obj": {"type": "LogFloats", "path": ["monitoring", "cpu"], "values": [{"value": 41.6, "step": null, "ts": 1637122657.730324}]}, "version": 166}
{"obj": {"type": "LogFloats", "path": ["monitoring", "memory"], "values": [{"value": 14.750736236572266, "step": null, "ts": 1637122657.730324}]}, "version": 167}
{"obj": {"type": "LogFloats", "path": ["monitoring", "cpu"], "values": [{"value": 39.1, "step": null, "ts": 1637122667.7317562}]}, "version": 168}
{"obj": {"type": "LogFloats", "path": ["monitoring", "memory"], "values": [{"value": 14.843189239501953, "step": null, "ts": 1637122667.7317562}]}, "version": 169}
{"obj": {"type": "LogFloats", "path": ["monitoring", "cpu"], "values": [{"value": 32.6, "step": null, "ts": 1637122677.7333882}]}, "version": 170}
{"obj": {"type": "LogFloats", "path": ["monitoring", "memory"], "values": [{"value": 14.848102569580078, "step": null, "ts": 1637122677.7333882}]}, "version": 171}
{"obj": {"type": "LogFloats", "path": ["monitoring", "cpu"], "values": [{"value": 24.3, "step": null, "ts": 1637122687.7343025}]}, "version": 172}
{"obj": {"type": "LogFloats", "path": ["monitoring", "memory"], "values": [{"value": 14.87282943725586, "step": null, "ts": 1637122687.7343025}]}, "version": 173}
{"obj": {"type": "LogFloats", "path": ["monitoring", "cpu"], "values": [{"value": 30.6, "step": null, "ts": 1637122697.7363274}]}, "version": 174}
{"obj": {"type": "LogFloats", "path": ["monitoring", "memory"], "values": [{"value": 14.876518249511719, "step": null, "ts": 1637122697.7363274}]}, "version": 175}
{"obj": {"type": "LogFloats", "path": ["monitoring", "cpu"], "values": [{"value": 20.1, "step": null, "ts": 1637122707.737924}]}, "version": 176}
{"obj": {"type": "LogFloats", "path": ["monitoring", "memory"], "values": [{"value": 14.76974868774414, "step": null, "ts": 1637122707.737924}]}, "version": 177}
{"obj": {"type": "LogFloats", "path": ["monitoring", "cpu"], "values": [{"value": 29.0, "step": null, "ts": 1637122717.7391057}]}, "version": 178}
{"obj": {"type": "LogFloats", "path": ["monitoring", "memory"], "values": [{"value": 14.81683349609375, "step": null, "ts": 1637122717.7391057}]}, "version": 179}
{"obj": {"type": "LogFloats", "path": ["monitoring", "cpu"], "values": [{"value": 19.1, "step": null, "ts": 1637122727.7402346}]}, "version": 180}
{"obj": {"type": "LogFloats", "path": ["monitoring", "memory"], "values": [{"value": 14.77176284790039, "step": null, "ts": 1637122727.7402346}]}, "version": 181}
{"obj": {"type": "LogFloats", "path": ["monitoring", "cpu"], "values": [{"value": 17.5, "step": null, "ts": 1637122737.7412684}]}, "version": 182}
{"obj": {"type": "LogFloats", "path": ["monitoring", "memory"], "values": [{"value": 14.759124755859375, "step": null, "ts": 1637122737.7412684}]}, "version": 183}
{"obj": {"type": "LogFloats", "path": ["monitoring", "cpu"], "values": [{"value": 22.2, "step": null, "ts": 1637122747.7422462}]}, "version": 184}
{"obj": {"type": "LogFloats", "path": ["monitoring", "memory"], "values": [{"value": 14.77841567993164, "step": null, "ts": 1637122747.7422462}]}, "version": 185}
{"obj": {"type": "LogFloats", "path": ["monitoring", "cpu"], "values": [{"value": 39.8, "step": null, "ts": 1637122757.7433748}]}, "version": 186}
{"obj": {"type": "LogFloats", "path": ["monitoring", "memory"], "values": [{"value": 14.830188751220703, "step": null, "ts": 1637122757.7433748}]}, "version": 187}
{"obj": {"type": "LogFloats", "path": ["monitoring", "cpu"], "values": [{"value": 29.0, "step": null, "ts": 1637122767.746589}]}, "version": 188}
{"obj": {"type": "LogFloats", "path": ["monitoring", "memory"], "values": [{"value": 14.841453552246094, "step": null, "ts": 1637122767.746589}]}, "version": 189}
{"obj": {"type": "LogFloats", "path": ["monitoring", "cpu"], "values": [{"value": 25.7, "step": null, "ts": 1637122777.7476308}]}, "version": 190}
{"obj": {"type": "LogFloats", "path": ["monitoring", "memory"], "values": [{"value": 14.855884552001953, "step": null, "ts": 1637122777.7476308}]}, "version": 191}
{"obj": {"type": "LogFloats", "path": ["monitoring", "cpu"], "values": [{"value": 25.4, "step": null, "ts": 1637122787.749583}]}, "version": 192}
{"obj": {"type": "LogFloats", "path": ["monitoring", "memory"], "values": [{"value": 14.847282409667969, "step": null, "ts": 1637122787.749583}]}, "version": 193}
{"obj": {"type": "LogFloats", "path": ["monitoring", "cpu"], "values": [{"value": 20.5, "step": null, "ts": 1637122797.750459}]}, "version": 194}
{"obj": {"type": "LogFloats", "path": ["monitoring", "memory"], "values": [{"value": 14.820999145507812, "step": null, "ts": 1637122797.750459}]}, "version": 195}
{"obj": {"type": "LogFloats", "path": ["monitoring", "cpu"], "values": [{"value": 29.6, "step": null, "ts": 1637122807.7513025}]}, "version": 196}
{"obj": {"type": "LogFloats", "path": ["monitoring", "memory"], "values": [{"value": 14.87887954711914, "step": null, "ts": 1637122807.7513025}]}, "version": 197}
{"obj": {"type": "LogFloats", "path": ["monitoring", "cpu"], "values": [{"value": 16.5, "step": null, "ts": 1637122817.752766}]}, "version": 198}
{"obj": {"type": "LogFloats", "path": ["monitoring", "memory"], "values": [{"value": 14.857444763183594, "step": null, "ts": 1637122817.752766}]}, "version": 199}
{"obj": {"type": "LogFloats", "path": ["monitoring", "cpu"], "values": [{"value": 18.4, "step": null, "ts": 1637122827.7537453}]}, "version": 200}
{"obj": {"type": "LogFloats", "path": ["monitoring", "memory"], "values": [{"value": 14.798187255859375, "step": null, "ts": 1637122827.7537453}]}, "version": 201}
{"obj": {"type": "LogFloats", "path": ["monitoring", "cpu"], "values": [{"value": 21.0, "step": null, "ts": 1637122837.75458}]}, "version": 202}
{"obj": {"type": "LogFloats", "path": ["monitoring", "memory"], "values": [{"value": 14.785945892333984, "step": null, "ts": 1637122837.75458}]}, "version": 203}
{"obj": {"type": "LogFloats", "path": ["monitoring", "cpu"], "values": [{"value": 24.4, "step": null, "ts": 1637122847.755533}]}, "version": 204}
{"obj": {"type": "LogFloats", "path": ["monitoring", "memory"], "values": [{"value": 14.727649688720703, "step": null, "ts": 1637122847.755533}]}, "version": 205}
{"obj": {"type": "LogFloats", "path": ["monitoring", "cpu"], "values": [{"value": 14.5, "step": null, "ts": 1637122857.7564087}]}, "version": 206}
{"obj": {"type": "LogFloats", "path": ["monitoring", "memory"], "values": [{"value": 14.720321655273438, "step": null, "ts": 1637122857.7564087}]}, "version": 207}
{"obj": {"type": "LogFloats", "path": ["monitoring", "cpu"], "values": [{"value": 13.6, "step": null, "ts": 1637122867.757268}]}, "version": 208}
{"obj": {"type": "LogFloats", "path": ["monitoring", "memory"], "values": [{"value": 14.66695785522461, "step": null, "ts": 1637122867.757268}]}, "version": 209}
{"obj": {"type": "LogFloats", "path": ["monitoring", "cpu"], "values": [{"value": 15.2, "step": null, "ts": 1637122877.7580502}]}, "version": 210}
{"obj": {"type": "LogFloats", "path": ["monitoring", "memory"], "values": [{"value": 14.684429168701172, "step": null, "ts": 1637122877.7580502}]}, "version": 211}
{"obj": {"type": "LogFloats", "path": ["monitoring", "cpu"], "values": [{"value": 17.4, "step": null, "ts": 1637122887.7588868}]}, "version": 212}
{"obj": {"type": "LogFloats", "path": ["monitoring", "memory"], "values": [{"value": 14.763160705566406, "step": null, "ts": 1637122887.7588868}]}, "version": 213}
{"obj": {"type": "LogFloats", "path": ["monitoring", "cpu"], "values": [{"value": 16.4, "step": null, "ts": 1637122897.7597194}]}, "version": 214}
{"obj": {"type": "LogFloats", "path": ["monitoring", "memory"], "values": [{"value": 14.788253784179688, "step": null, "ts": 1637122897.7597194}]}, "version": 215}
{"obj": {"type": "LogFloats", "path": ["monitoring", "cpu"], "values": [{"value": 19.1, "step": null, "ts": 1637122907.7605133}]}, "version": 216}
{"obj": {"type": "LogFloats", "path": ["monitoring", "memory"], "values": [{"value": 14.777030944824219, "step": null, "ts": 1637122907.7605133}]}, "version": 217}
{"obj": {"type": "LogFloats", "path": ["monitoring", "cpu"], "values": [{"value": 20.1, "step": null, "ts": 1637122917.761635}]}, "version": 218}
{"obj": {"type": "LogFloats", "path": ["monitoring", "memory"], "values": [{"value": 14.813934326171875, "step": null, "ts": 1637122917.761635}]}, "version": 219}
{"obj": {"type": "LogFloats", "path": ["monitoring", "cpu"], "values": [{"value": 17.3, "step": null, "ts": 1637122927.7629561}]}, "version": 220}
{"obj": {"type": "LogFloats", "path": ["monitoring", "memory"], "values": [{"value": 14.708667755126953, "step": null, "ts": 1637122927.7629561}]}, "version": 221}
{"obj": {"type": "LogFloats", "path": ["monitoring", "cpu"], "values": [{"value": 27.1, "step": null, "ts": 1637122937.763918}]}, "version": 222}
{"obj": {"type": "LogFloats", "path": ["monitoring", "memory"], "values": [{"value": 14.911483764648438, "step": null, "ts": 1637122937.763918}]}, "version": 223}
{"obj": {"type": "LogFloats", "path": ["monitoring", "cpu"], "values": [{"value": 39.4, "step": null, "ts": 1637122947.7651844}]}, "version": 224}
{"obj": {"type": "LogFloats", "path": ["monitoring", "memory"], "values": [{"value": 14.923011779785156, "step": null, "ts": 1637122947.7651844}]}, "version": 225}
{"obj": {"type": "LogFloats", "path": ["monitoring", "cpu"], "values": [{"value": 30.8, "step": null, "ts": 1637122957.7663295}]}, "version": 226}
{"obj": {"type": "LogFloats", "path": ["monitoring", "memory"], "values": [{"value": 14.896648406982422, "step": null, "ts": 1637122957.7663295}]}, "version": 227}
{"obj": {"type": "LogFloats", "path": ["monitoring", "cpu"], "values": [{"value": 24.2, "step": null, "ts": 1637122967.7678318}]}, "version": 228}
{"obj": {"type": "LogFloats", "path": ["monitoring", "memory"], "values": [{"value": 14.931709289550781, "step": null, "ts": 1637122967.7678318}]}, "version": 229}
{"obj": {"type": "LogFloats", "path": ["monitoring", "cpu"], "values": [{"value": 26.2, "step": null, "ts": 1637122977.769077}]}, "version": 230}
{"obj": {"type": "LogFloats", "path": ["monitoring", "memory"], "values": [{"value": 14.825763702392578, "step": null, "ts": 1637122977.769077}]}, "version": 231}
{"obj": {"type": "LogFloats", "path": ["monitoring", "cpu"], "values": [{"value": 28.6, "step": null, "ts": 1637122987.7699542}]}, "version": 232}
{"obj": {"type": "LogFloats", "path": ["monitoring", "memory"], "values": [{"value": 14.940975189208984, "step": null, "ts": 1637122987.7699542}]}, "version": 233}
{"obj": {"type": "LogFloats", "path": ["monitoring", "cpu"], "values": [{"value": 21.4, "step": null, "ts": 1637122997.7708735}]}, "version": 234}
{"obj": {"type": "LogFloats", "path": ["monitoring", "memory"], "values": [{"value": 14.8394775390625, "step": null, "ts": 1637122997.7708735}]}, "version": 235}
{"obj": {"type": "LogFloats", "path": ["monitoring", "cpu"], "values": [{"value": 21.7, "step": null, "ts": 1637123007.7722151}]}, "version": 236}
{"obj": {"type": "LogFloats", "path": ["monitoring", "memory"], "values": [{"value": 14.75832748413086, "step": null, "ts": 1637123007.7722151}]}, "version": 237}
{"obj": {"type": "LogFloats", "path": ["monitoring", "cpu"], "values": [{"value": 20.2, "step": null, "ts": 1637123017.773453}]}, "version": 238}
{"obj": {"type": "LogFloats", "path": ["monitoring", "memory"], "values": [{"value": 14.753990173339844, "step": null, "ts": 1637123017.773453}]}, "version": 239}
{"obj": {"type": "LogFloats", "path": ["monitoring", "cpu"], "values": [{"value": 30.4, "step": null, "ts": 1637123027.7744439}]}, "version": 240}
{"obj": {"type": "LogFloats", "path": ["monitoring", "memory"], "values": [{"value": 14.74631118774414, "step": null, "ts": 1637123027.7744439}]}, "version": 241}
{"obj": {"type": "LogFloats", "path": ["monitoring", "cpu"], "values": [{"value": 18.9, "step": null, "ts": 1637123037.7753491}]}, "version": 242}
{"obj": {"type": "LogFloats", "path": ["monitoring", "memory"], "values": [{"value": 14.75537109375, "step": null, "ts": 1637123037.7753491}]}, "version": 243}
{"obj": {"type": "LogFloats", "path": ["monitoring", "cpu"], "values": [{"value": 14.3, "step": null, "ts": 1637123047.776148}]}, "version": 244}
{"obj": {"type": "LogFloats", "path": ["monitoring", "memory"], "values": [{"value": 14.757408142089844, "step": null, "ts": 1637123047.776148}]}, "version": 245}
{"obj": {"type": "LogFloats", "path": ["monitoring", "cpu"], "values": [{"value": 37.4, "step": null, "ts": 1637123057.7769556}]}, "version": 246}
{"obj": {"type": "LogFloats", "path": ["monitoring", "memory"], "values": [{"value": 14.772480010986328, "step": null, "ts": 1637123057.7769556}]}, "version": 247}
{"obj": {"type": "LogFloats", "path": ["monitoring", "cpu"], "values": [{"value": 48.9, "step": null, "ts": 1637123067.7778485}]}, "version": 248}
{"obj": {"type": "LogFloats", "path": ["monitoring", "memory"], "values": [{"value": 14.841045379638672, "step": null, "ts": 1637123067.7778485}]}, "version": 249}
{"obj": {"type": "LogFloats", "path": ["monitoring", "cpu"], "values": [{"value": 19.6, "step": null, "ts": 1637123077.7788079}]}, "version": 250}
{"obj": {"type": "LogFloats", "path": ["monitoring", "memory"], "values": [{"value": 14.797294616699219, "step": null, "ts": 1637123077.7788079}]}, "version": 251}
{"obj": {"type": "LogFloats", "path": ["monitoring", "cpu"], "values": [{"value": 29.0, "step": null, "ts": 1637123087.7796712}]}, "version": 252}
{"obj": {"type": "LogFloats", "path": ["monitoring", "memory"], "values": [{"value": 14.845703125, "step": null, "ts": 1637123087.7796712}]}, "version": 253}
{"obj": {"type": "LogFloats", "path": ["monitoring", "cpu"], "values": [{"value": 31.5, "step": null, "ts": 1637123097.780824}]}, "version": 254}
{"obj": {"type": "LogFloats", "path": ["monitoring", "memory"], "values": [{"value": 14.846267700195312, "step": null, "ts": 1637123097.780824}]}, "version": 255}
{"obj": {"type": "LogFloats", "path": ["monitoring", "cpu"], "values": [{"value": 41.8, "step": null, "ts": 1637123107.7819786}]}, "version": 256}
{"obj": {"type": "LogFloats", "path": ["monitoring", "memory"], "values": [{"value": 14.8839111328125, "step": null, "ts": 1637123107.7819786}]}, "version": 257}
{"obj": {"type": "LogFloats", "path": ["monitoring", "cpu"], "values": [{"value": 43.9, "step": null, "ts": 1637123117.7832887}]}, "version": 258}
{"obj": {"type": "LogFloats", "path": ["monitoring", "memory"], "values": [{"value": 14.850440979003906, "step": null, "ts": 1637123117.7832887}]}, "version": 259}
{"obj": {"type": "LogFloats", "path": ["monitoring", "cpu"], "values": [{"value": 23.9, "step": null, "ts": 1637123127.784863}]}, "version": 260}
{"obj": {"type": "LogFloats", "path": ["monitoring", "memory"], "values": [{"value": 14.813438415527344, "step": null, "ts": 1637123127.784863}]}, "version": 261}
{"obj": {"type": "LogFloats", "path": ["monitoring", "cpu"], "values": [{"value": 20.6, "step": null, "ts": 1637123137.785774}]}, "version": 262}
{"obj": {"type": "LogFloats", "path": ["monitoring", "memory"], "values": [{"value": 14.80484390258789, "step": null, "ts": 1637123137.785774}]}, "version": 263}
{"obj": {"type": "LogFloats", "path": ["monitoring", "cpu"], "values": [{"value": 27.0, "step": null, "ts": 1637123147.7866828}]}, "version": 264}
{"obj": {"type": "LogFloats", "path": ["monitoring", "memory"], "values": [{"value": 14.834888458251953, "step": null, "ts": 1637123147.7866828}]}, "version": 265}
{"obj": {"type": "LogFloats", "path": ["monitoring", "cpu"], "values": [{"value": 36.8, "step": null, "ts": 1637123157.7877874}]}, "version": 266}
{"obj": {"type": "LogFloats", "path": ["monitoring", "memory"], "values": [{"value": 14.908760070800781, "step": null, "ts": 1637123157.7877874}]}, "version": 267}
{"obj": {"type": "LogFloats", "path": ["monitoring", "cpu"], "values": [{"value": 25.4, "step": null, "ts": 1637123167.7894201}]}, "version": 268}
{"obj": {"type": "LogFloats", "path": ["monitoring", "memory"], "values": [{"value": 14.931743621826172, "step": null, "ts": 1637123167.7894201}]}, "version": 269}
{"obj": {"type": "LogFloats", "path": ["monitoring", "cpu"], "values": [{"value": 30.6, "step": null, "ts": 1637123177.790658}]}, "version": 270}
{"obj": {"type": "LogFloats", "path": ["monitoring", "memory"], "values": [{"value": 14.950714111328125, "step": null, "ts": 1637123177.790658}]}, "version": 271}
{"obj": {"type": "LogFloats", "path": ["monitoring", "cpu"], "values": [{"value": 27.8, "step": null, "ts": 1637123187.7918758}]}, "version": 272}
{"obj": {"type": "LogFloats", "path": ["monitoring", "memory"], "values": [{"value": 14.890151977539062, "step": null, "ts": 1637123187.7918758}]}, "version": 273}
{"obj": {"type": "LogFloats", "path": ["monitoring", "cpu"], "values": [{"value": 22.3, "step": null, "ts": 1637123197.7927847}]}, "version": 274}
{"obj": {"type": "LogFloats", "path": ["monitoring", "memory"], "values": [{"value": 14.822803497314453, "step": null, "ts": 1637123197.7927847}]}, "version": 275}
{"obj": {"type": "LogFloats", "path": ["monitoring", "cpu"], "values": [{"value": 16.4, "step": null, "ts": 1637123207.7941217}]}, "version": 276}
{"obj": {"type": "LogFloats", "path": ["monitoring", "memory"], "values": [{"value": 14.811031341552734, "step": null, "ts": 1637123207.7941217}]}, "version": 277}
{"obj": {"type": "LogFloats", "path": ["monitoring", "cpu"], "values": [{"value": 25.9, "step": null, "ts": 1637123217.7951365}]}, "version": 278}
{"obj": {"type": "LogFloats", "path": ["monitoring", "memory"], "values": [{"value": 14.847984313964844, "step": null, "ts": 1637123217.7951365}]}, "version": 279}
{"obj": {"type": "LogFloats", "path": ["monitoring", "cpu"], "values": [{"value": 17.2, "step": null, "ts": 1637123227.796159}]}, "version": 280}
{"obj": {"type": "LogFloats", "path": ["monitoring", "memory"], "values": [{"value": 14.838584899902344, "step": null, "ts": 1637123227.796159}]}, "version": 281}
{"obj": {"type": "LogFloats", "path": ["monitoring", "cpu"], "values": [{"value": 22.6, "step": null, "ts": 1637123237.7970805}]}, "version": 282}
{"obj": {"type": "LogFloats", "path": ["monitoring", "memory"], "values": [{"value": 14.844734191894531, "step": null, "ts": 1637123237.7970805}]}, "version": 283}
{"obj": {"type": "LogFloats", "path": ["monitoring", "cpu"], "values": [{"value": 41.7, "step": null, "ts": 1637123247.7980034}]}, "version": 284}
{"obj": {"type": "LogFloats", "path": ["monitoring", "memory"], "values": [{"value": 14.93747329711914, "step": null, "ts": 1637123247.7980034}]}, "version": 285}
{"obj": {"type": "LogFloats", "path": ["monitoring", "cpu"], "values": [{"value": 28.6, "step": null, "ts": 1637123257.7997386}]}, "version": 286}
{"obj": {"type": "LogFloats", "path": ["monitoring", "memory"], "values": [{"value": 14.931869506835938, "step": null, "ts": 1637123257.7997386}]}, "version": 287}
{"obj": {"type": "LogFloats", "path": ["monitoring", "cpu"], "values": [{"value": 21.0, "step": null, "ts": 1637123267.800879}]}, "version": 288}
{"obj": {"type": "LogFloats", "path": ["monitoring", "memory"], "values": [{"value": 14.959297180175781, "step": null, "ts": 1637123267.800879}]}, "version": 289}
{"obj": {"type": "LogFloats", "path": ["monitoring", "cpu"], "values": [{"value": 16.4, "step": null, "ts": 1637123277.801779}]}, "version": 290}
{"obj": {"type": "LogFloats", "path": ["monitoring", "memory"], "values": [{"value": 14.926860809326172, "step": null, "ts": 1637123277.801779}]}, "version": 291}
{"obj": {"type": "LogFloats", "path": ["monitoring", "cpu"], "values": [{"value": 13.0, "step": null, "ts": 1637123287.8027163}]}, "version": 292}
{"obj": {"type": "LogFloats", "path": ["monitoring", "memory"], "values": [{"value": 14.979511260986328, "step": null, "ts": 1637123287.8027163}]}, "version": 293}
{"obj": {"type": "LogFloats", "path": ["monitoring", "cpu"], "values": [{"value": 17.6, "step": null, "ts": 1637123297.8033354}]}, "version": 294}
{"obj": {"type": "LogFloats", "path": ["monitoring", "memory"], "values": [{"value": 15.041805267333984, "step": null, "ts": 1637123297.8033354}]}, "version": 295}
{"obj": {"type": "LogFloats", "path": ["monitoring", "cpu"], "values": [{"value": 14.9, "step": null, "ts": 1637123307.8056056}]}, "version": 296}
{"obj": {"type": "LogFloats", "path": ["monitoring", "memory"], "values": [{"value": 14.967842102050781, "step": null, "ts": 1637123307.8056056}]}, "version": 297}
{"obj": {"type": "LogFloats", "path": ["monitoring", "cpu"], "values": [{"value": 12.9, "step": null, "ts": 1637123317.8063848}]}, "version": 298}
{"obj": {"type": "LogFloats", "path": ["monitoring", "memory"], "values": [{"value": 14.969688415527344, "step": null, "ts": 1637123317.8063848}]}, "version": 299}
{"obj": {"type": "LogFloats", "path": ["monitoring", "cpu"], "values": [{"value": 14.4, "step": null, "ts": 1637123327.8073258}]}, "version": 300}
{"obj": {"type": "LogFloats", "path": ["monitoring", "memory"], "values": [{"value": 14.956714630126953, "step": null, "ts": 1637123327.8073258}]}, "version": 301}
{"obj": {"type": "LogFloats", "path": ["monitoring", "cpu"], "values": [{"value": 15.2, "step": null, "ts": 1637123337.8081253}]}, "version": 302}
{"obj": {"type": "LogFloats", "path": ["monitoring", "memory"], "values": [{"value": 15.004077911376953, "step": null, "ts": 1637123337.8081253}]}, "version": 303}
{"obj": {"type": "LogFloats", "path": ["monitoring", "cpu"], "values": [{"value": 17.2, "step": null, "ts": 1637123347.8089013}]}, "version": 304}
{"obj": {"type": "LogFloats", "path": ["monitoring", "memory"], "values": [{"value": 15.01711654663086, "step": null, "ts": 1637123347.8089013}]}, "version": 305}
{"obj": {"type": "LogFloats", "path": ["monitoring", "cpu"], "values": [{"value": 12.6, "step": null, "ts": 1637123357.8097832}]}, "version": 306}
{"obj": {"type": "LogFloats", "path": ["monitoring", "memory"], "values": [{"value": 14.972660064697266, "step": null, "ts": 1637123357.8097832}]}, "version": 307}
{"obj": {"type": "LogStrings", "path": ["monitoring", "stderr"], "values": [{"value": "Experiencing connection interruptions. Will try to reestablish communication with Neptune. Internal exception was: RequestsFutureAdapterConnectionError\n", "step": null, "ts": 1637123362.8007226}]}, "version": 308}
{"obj": {"type": "LogFloats", "path": ["monitoring", "cpu"], "values": [{"value": 13.0, "step": null, "ts": 1637123367.8104463}]}, "version": 309}
{"obj": {"type": "LogFloats", "path": ["monitoring", "memory"], "values": [{"value": 14.967601776123047, "step": null, "ts": 1637123367.8104463}]}, "version": 310}
{"obj": {"type": "LogFloats", "path": ["monitoring", "cpu"], "values": [{"value": 15.2, "step": null, "ts": 1637123377.8113563}]}, "version": 311}
{"obj": {"type": "LogFloats", "path": ["monitoring", "memory"], "values": [{"value": 14.992904663085938, "step": null, "ts": 1637123377.8113563}]}, "version": 312}
{"obj": {"type": "LogFloats", "path": ["monitoring", "cpu"], "values": [{"value": 15.7, "step": null, "ts": 1637123387.813726}]}, "version": 313}
{"obj": {"type": "LogFloats", "path": ["monitoring", "memory"], "values": [{"value": 15.025379180908203, "step": null, "ts": 1637123387.813726}]}, "version": 314}
{"obj": {"type": "LogFloats", "path": ["monitoring", "cpu"], "values": [{"value": 9.8, "step": null, "ts": 1637123397.81648}]}, "version": 315}
{"obj": {"type": "LogFloats", "path": ["monitoring", "memory"], "values": [{"value": 15.020557403564453, "step": null, "ts": 1637123397.81648}]}, "version": 316}
{"obj": {"type": "LogFloats", "path": ["monitoring", "cpu"], "values": [{"value": 10.0, "step": null, "ts": 1637123407.8171804}]}, "version": 317}
{"obj": {"type": "LogFloats", "path": ["monitoring", "memory"], "values": [{"value": 14.99484634399414, "step": null, "ts": 1637123407.8171804}]}, "version": 318}
{"obj": {"type": "LogFloats", "path": ["monitoring", "cpu"], "values": [{"value": 9.2, "step": null, "ts": 1637123417.8178906}]}, "version": 319}
{"obj": {"type": "LogFloats", "path": ["monitoring", "memory"], "values": [{"value": 15.002155303955078, "step": null, "ts": 1637123417.8178906}]}, "version": 320}
{"obj": {"type": "LogFloats", "path": ["monitoring", "cpu"], "values": [{"value": 10.3, "step": null, "ts": 1637123427.818589}]}, "version": 321}
{"obj": {"type": "LogFloats", "path": ["monitoring", "memory"], "values": [{"value": 14.999885559082031, "step": null, "ts": 1637123427.818589}]}, "version": 322}
{"obj": {"type": "LogFloats", "path": ["monitoring", "cpu"], "values": [{"value": 9.2, "step": null, "ts": 1637123437.8192542}]}, "version": 323}
{"obj": {"type": "LogFloats", "path": ["monitoring", "memory"], "values": [{"value": 14.985492706298828, "step": null, "ts": 1637123437.8192542}]}, "version": 324}
{"obj": {"type": "LogFloats", "path": ["monitoring", "cpu"], "values": [{"value": 12.0, "step": null, "ts": 1637123447.819911}]}, "version": 325}
{"obj": {"type": "LogFloats", "path": ["monitoring", "memory"], "values": [{"value": 14.977054595947266, "step": null, "ts": 1637123447.819911}]}, "version": 326}
{"obj": {"type": "LogFloats", "path": ["monitoring", "cpu"], "values": [{"value": 9.4, "step": null, "ts": 1637123457.8205967}]}, "version": 327}
{"obj": {"type": "LogFloats", "path": ["monitoring", "memory"], "values": [{"value": 14.979461669921875, "step": null, "ts": 1637123457.8205967}]}, "version": 328}
{"obj": {"type": "LogFloats", "path": ["monitoring", "cpu"], "values": [{"value": 9.3, "step": null, "ts": 1637123467.821227}]}, "version": 329}
{"obj": {"type": "LogFloats", "path": ["monitoring", "memory"], "values": [{"value": 15.000556945800781, "step": null, "ts": 1637123467.821227}]}, "version": 330}
{"obj": {"type": "LogFloats", "path": ["monitoring", "cpu"], "values": [{"value": 9.5, "step": null, "ts": 1637123477.821889}]}, "version": 331}
{"obj": {"type": "LogFloats", "path": ["monitoring", "memory"], "values": [{"value": 14.999427795410156, "step": null, "ts": 1637123477.821889}]}, "version": 332}
{"obj": {"type": "LogFloats", "path": ["monitoring", "cpu"], "values": [{"value": 10.2, "step": null, "ts": 1637123487.822545}]}, "version": 333}
{"obj": {"type": "LogFloats", "path": ["monitoring", "memory"], "values": [{"value": 15.013874053955078, "step": null, "ts": 1637123487.822545}]}, "version": 334}
{"obj": {"type": "LogFloats", "path": ["monitoring", "cpu"], "values": [{"value": 9.3, "step": null, "ts": 1637123497.823184}]}, "version": 335}
{"obj": {"type": "LogFloats", "path": ["monitoring", "memory"], "values": [{"value": 15.020484924316406, "step": null, "ts": 1637123497.823184}]}, "version": 336}
{"obj": {"type": "LogStrings", "path": ["monitoring", "stderr"], "values": [{"value": "Communication with Neptune restored!\n", "step": null, "ts": 1637123506.1516526}]}, "version": 337}
{"obj": {"type": "LogFloats", "path": ["monitoring", "cpu"], "values": [{"value": 15.1, "step": null, "ts": 1637123507.8238468}]}, "version": 338}
{"obj": {"type": "LogFloats", "path": ["monitoring", "memory"], "values": [{"value": 15.051929473876953, "step": null, "ts": 1637123507.8238468}]}, "version": 339}
{"obj": {"type": "LogFloats", "path": ["monitoring", "cpu"], "values": [{"value": 15.3, "step": null, "ts": 1637123517.8256822}]}, "version": 340}
{"obj": {"type": "LogFloats", "path": ["monitoring", "memory"], "values": [{"value": 15.077018737792969, "step": null, "ts": 1637123517.8256822}]}, "version": 341}
{"obj": {"type": "LogFloats", "path": ["monitoring", "cpu"], "values": [{"value": 10.6, "step": null, "ts": 1637123527.8329432}]}, "version": 342}
{"obj": {"type": "LogFloats", "path": ["monitoring", "memory"], "values": [{"value": 15.029747009277344, "step": null, "ts": 1637123527.8329432}]}, "version": 343}
{"obj": {"type": "LogFloats", "path": ["monitoring", "cpu"], "values": [{"value": 9.4, "step": null, "ts": 1637123537.833619}]}, "version": 344}
{"obj": {"type": "LogFloats", "path": ["monitoring", "memory"], "values": [{"value": 15.026721954345703, "step": null, "ts": 1637123537.833619}]}, "version": 345}
{"obj": {"type": "LogFloats", "path": ["monitoring", "cpu"], "values": [{"value": 9.7, "step": null, "ts": 1637123547.8343008}]}, "version": 346}
{"obj": {"type": "LogFloats", "path": ["monitoring", "memory"], "values": [{"value": 14.997886657714844, "step": null, "ts": 1637123547.8343008}]}, "version": 347}
{"obj": {"type": "LogFloats", "path": ["monitoring", "cpu"], "values": [{"value": 12.2, "step": null, "ts": 1637123557.8349726}]}, "version": 348}
{"obj": {"type": "LogFloats", "path": ["monitoring", "memory"], "values": [{"value": 15.119110107421875, "step": null, "ts": 1637123557.8349726}]}, "version": 349}
{"obj": {"type": "LogFloats", "path": ["monitoring", "cpu"], "values": [{"value": 12.6, "step": null, "ts": 1637123567.8439922}]}, "version": 350}
{"obj": {"type": "LogFloats", "path": ["monitoring", "memory"], "values": [{"value": 15.113548278808594, "step": null, "ts": 1637123567.8439922}]}, "version": 351}
{"obj": {"type": "LogFloats", "path": ["monitoring", "cpu"], "values": [{"value": 11.9, "step": null, "ts": 1637123577.8471868}]}, "version": 352}
{"obj": {"type": "LogFloats", "path": ["monitoring", "memory"], "values": [{"value": 15.09316635131836, "step": null, "ts": 1637123577.8471868}]}, "version": 353}
{"obj": {"type": "LogFloats", "path": ["monitoring", "cpu"], "values": [{"value": 10.5, "step": null, "ts": 1637123587.8479292}]}, "version": 354}
{"obj": {"type": "LogFloats", "path": ["monitoring", "memory"], "values": [{"value": 15.115859985351562, "step": null, "ts": 1637123587.8479292}]}, "version": 355}
{"obj": {"type": "LogFloats", "path": ["monitoring", "cpu"], "values": [{"value": 11.1, "step": null, "ts": 1637123597.861887}]}, "version": 356}
{"obj": {"type": "LogFloats", "path": ["monitoring", "memory"], "values": [{"value": 15.122566223144531, "step": null, "ts": 1637123597.861887}]}, "version": 357}
{"obj": {"type": "LogFloats", "path": ["monitoring", "cpu"], "values": [{"value": 21.1, "step": null, "ts": 1637123607.8625712}]}, "version": 358}
{"obj": {"type": "LogFloats", "path": ["monitoring", "memory"], "values": [{"value": 15.188201904296875, "step": null, "ts": 1637123607.8625712}]}, "version": 359}
{"obj": {"type": "LogFloats", "path": ["monitoring", "cpu"], "values": [{"value": 29.6, "step": null, "ts": 1637123617.868131}]}, "version": 360}
{"obj": {"type": "LogFloats", "path": ["monitoring", "memory"], "values": [{"value": 15.153057098388672, "step": null, "ts": 1637123617.868131}]}, "version": 361}
{"obj": {"type": "LogFloats", "path": ["monitoring", "cpu"], "values": [{"value": 33.9, "step": null, "ts": 1637123627.873002}]}, "version": 362}
{"obj": {"type": "LogFloats", "path": ["monitoring", "memory"], "values": [{"value": 15.169662475585938, "step": null, "ts": 1637123627.873002}]}, "version": 363}
{"obj": {"type": "LogFloats", "path": ["monitoring", "cpu"], "values": [{"value": 28.0, "step": null, "ts": 1637123637.8769746}]}, "version": 364}
{"obj": {"type": "LogFloats", "path": ["monitoring", "memory"], "values": [{"value": 15.134639739990234, "step": null, "ts": 1637123637.8769746}]}, "version": 365}
{"obj": {"type": "LogFloats", "path": ["monitoring", "cpu"], "values": [{"value": 23.1, "step": null, "ts": 1637123647.8794887}]}, "version": 366}
{"obj": {"type": "LogFloats", "path": ["monitoring", "memory"], "values": [{"value": 15.166595458984375, "step": null, "ts": 1637123647.8794887}]}, "version": 367}
{"obj": {"type": "LogFloats", "path": ["monitoring", "cpu"], "values": [{"value": 18.6, "step": null, "ts": 1637123657.8828926}]}, "version": 368}
{"obj": {"type": "LogFloats", "path": ["monitoring", "memory"], "values": [{"value": 15.139533996582031, "step": null, "ts": 1637123657.8828926}]}, "version": 369}
{"obj": {"type": "LogFloats", "path": ["monitoring", "cpu"], "values": [{"value": 19.4, "step": null, "ts": 1637123667.891743}]}, "version": 370}
{"obj": {"type": "LogFloats", "path": ["monitoring", "memory"], "values": [{"value": 15.131401062011719, "step": null, "ts": 1637123667.891743}]}, "version": 371}
{"obj": {"type": "LogFloats", "path": ["monitoring", "cpu"], "values": [{"value": 16.5, "step": null, "ts": 1637123677.8942642}]}, "version": 372}
{"obj": {"type": "LogFloats", "path": ["monitoring", "memory"], "values": [{"value": 15.14337158203125, "step": null, "ts": 1637123677.8942642}]}, "version": 373}
{"obj": {"type": "LogFloats", "path": ["monitoring", "cpu"], "values": [{"value": 37.3, "step": null, "ts": 1637123687.9113028}]}, "version": 374}
{"obj": {"type": "LogFloats", "path": ["monitoring", "memory"], "values": [{"value": 15.205936431884766, "step": null, "ts": 1637123687.9113028}]}, "version": 375}
{"obj": {"type": "LogFloats", "path": ["monitoring", "cpu"], "values": [{"value": 72.0, "step": null, "ts": 1637123697.9658513}]}, "version": 376}
{"obj": {"type": "LogFloats", "path": ["monitoring", "memory"], "values": [{"value": 15.240772247314453, "step": null, "ts": 1637123697.9658513}]}, "version": 377}
{"obj": {"type": "LogFloats", "path": ["monitoring", "cpu"], "values": [{"value": 92.9, "step": null, "ts": 1637123708.033693}]}, "version": 378}
{"obj": {"type": "LogFloats", "path": ["monitoring", "memory"], "values": [{"value": 15.238399505615234, "step": null, "ts": 1637123708.033693}]}, "version": 379}
{"obj": {"type": "LogFloats", "path": ["monitoring", "cpu"], "values": [{"value": 94.6, "step": null, "ts": 1637123718.169211}]}, "version": 380}
{"obj": {"type": "LogFloats", "path": ["monitoring", "memory"], "values": [{"value": 15.239959716796875, "step": null, "ts": 1637123718.169211}]}, "version": 381}
{"obj": {"type": "LogFloats", "path": ["monitoring", "cpu"], "values": [{"value": 95.2, "step": null, "ts": 1637123728.4838674}]}, "version": 382}
{"obj": {"type": "LogFloats", "path": ["monitoring", "memory"], "values": [{"value": 15.238235473632812, "step": null, "ts": 1637123728.4838674}]}, "version": 383}
{"obj": {"type": "LogFloats", "path": ["monitoring", "cpu"], "values": [{"value": 77.3, "step": null, "ts": 1637123738.6217027}]}, "version": 384}
{"obj": {"type": "LogFloats", "path": ["monitoring", "memory"], "values": [{"value": 15.220901489257812, "step": null, "ts": 1637123738.6217027}]}, "version": 385}
{"obj": {"type": "LogFloats", "path": ["monitoring", "cpu"], "values": [{"value": 52.1, "step": null, "ts": 1637123748.6352398}]}, "version": 386}
{"obj": {"type": "LogFloats", "path": ["monitoring", "memory"], "values": [{"value": 15.194564819335938, "step": null, "ts": 1637123748.6352398}]}, "version": 387}
{"obj": {"type": "LogFloats", "path": ["monitoring", "cpu"], "values": [{"value": 89.9, "step": null, "ts": 1637123758.7080364}]}, "version": 388}
{"obj": {"type": "LogFloats", "path": ["monitoring", "memory"], "values": [{"value": 15.25003433227539, "step": null, "ts": 1637123758.7080364}]}, "version": 389}
{"obj": {"type": "LogFloats", "path": ["monitoring", "cpu"], "values": [{"value": 91.8, "step": null, "ts": 1637123775.3227057}]}, "version": 390}
{"obj": {"type": "LogFloats", "path": ["monitoring", "memory"], "values": [{"value": 15.166450500488281, "step": null, "ts": 1637123775.3227057}]}, "version": 391}
{"obj": {"type": "LogFloats", "path": ["monitoring", "cpu"], "values": [{"value": 22.7, "step": null, "ts": 1637123785.3316205}]}, "version": 392}
{"obj": {"type": "LogFloats", "path": ["monitoring", "memory"], "values": [{"value": 15.15578842163086, "step": null, "ts": 1637123785.3316205}]}, "version": 393}
{"obj": {"type": "LogFloats", "path": ["monitoring", "cpu"], "values": [{"value": 26.7, "step": null, "ts": 1637123795.3515217}]}, "version": 394}
{"obj": {"type": "LogFloats", "path": ["monitoring", "memory"], "values": [{"value": 15.177711486816406, "step": null, "ts": 1637123795.3515217}]}, "version": 395}
{"obj": {"type": "LogFloats", "path": ["monitoring", "cpu"], "values": [{"value": 22.9, "step": null, "ts": 1637123805.3713994}]}, "version": 396}
{"obj": {"type": "LogFloats", "path": ["monitoring", "memory"], "values": [{"value": 15.15499496459961, "step": null, "ts": 1637123805.3713994}]}, "version": 397}
{"obj": {"type": "LogFloats", "path": ["monitoring", "cpu"], "values": [{"value": 27.7, "step": null, "ts": 1637123815.383318}]}, "version": 398}
{"obj": {"type": "LogFloats", "path": ["monitoring", "memory"], "values": [{"value": 15.16555404663086, "step": null, "ts": 1637123815.383318}]}, "version": 399}
{"obj": {"type": "LogFloats", "path": ["monitoring", "cpu"], "values": [{"value": 19.6, "step": null, "ts": 1637123825.3876383}]}, "version": 400}
{"obj": {"type": "LogFloats", "path": ["monitoring", "memory"], "values": [{"value": 15.127334594726562, "step": null, "ts": 1637123825.3876383}]}, "version": 401}
{"obj": {"type": "LogFloats", "path": ["monitoring", "cpu"], "values": [{"value": 21.9, "step": null, "ts": 1637123835.3893511}]}, "version": 402}
{"obj": {"type": "LogFloats", "path": ["monitoring", "memory"], "values": [{"value": 15.134994506835938, "step": null, "ts": 1637123835.3893511}]}, "version": 403}
{"obj": {"type": "LogFloats", "path": ["monitoring", "cpu"], "values": [{"value": 20.8, "step": null, "ts": 1637123845.3911052}]}, "version": 404}
{"obj": {"type": "LogFloats", "path": ["monitoring", "memory"], "values": [{"value": 15.139266967773438, "step": null, "ts": 1637123845.3911052}]}, "version": 405}
{"obj": {"type": "LogFloats", "path": ["monitoring", "cpu"], "values": [{"value": 24.6, "step": null, "ts": 1637123855.3930826}]}, "version": 406}
{"obj": {"type": "LogFloats", "path": ["monitoring", "memory"], "values": [{"value": 15.140785217285156, "step": null, "ts": 1637123855.3930826}]}, "version": 407}
{"obj": {"type": "LogFloats", "path": ["monitoring", "cpu"], "values": [{"value": 29.4, "step": null, "ts": 1637123865.3969178}]}, "version": 408}
{"obj": {"type": "LogFloats", "path": ["monitoring", "memory"], "values": [{"value": 15.201301574707031, "step": null, "ts": 1637123865.3969178}]}, "version": 409}
{"obj": {"type": "LogStrings", "path": ["monitoring", "stdout"], "values": [{"value": "b''", "step": null, "ts": 1637123873.5849497}]}, "version": 410}
{"obj": {"type": "LogStrings", "path": ["monitoring", "stdout"], "values": [{"value": "b'https://app.neptune.ai/SurvCaus/RUNS/e/RUN-13\\n'", "step": null, "ts": 1637123873.5894496}]}, "version": 411}
{"obj": {"type": "LogStrings", "path": ["monitoring", "stdout"], "values": [{"value": "b'Remember to stop your run once you\\xe2\\x80\\x99ve finished logging your metadata (https://docs.neptune.ai/api-reference/run#stop). It will be stopped automatically only when the notebook kernel/interactive console is terminated.\\n'", "step": null, "ts": 1637123873.5950587}]}, "version": 412}
{"obj": {"type": "LogStrings", "path": ["monitoring", "stdout"], "values": [{"value": "WD = ", "step": null, "ts": 1637123875.3072853}]}, "version": 413}
{"obj": {"type": "LogStrings", "path": ["monitoring", "stdout"], "values": [{"value": " ", "step": null, "ts": 1637123875.3126223}]}, "version": 414}
{"obj": {"type": "LogStrings", "path": ["monitoring", "stdout"], "values": [{"value": "185.81069946289062", "step": null, "ts": 1637123875.3130143}]}, "version": 415}
{"obj": {"type": "LogStrings", "path": ["monitoring", "stdout"], "values": [{"value": "\n", "step": null, "ts": 1637123875.3133256}]}, "version": 416}
{"obj": {"type": "LogStrings", "path": ["monitoring", "stdout"], "values": [{"value": "tt = 1 : 48 % ", "step": null, "ts": 1637123875.3136258}]}, "version": 417}
{"obj": {"type": "LogStrings", "path": ["monitoring", "stdout"], "values": [{"value": "\n", "step": null, "ts": 1637123875.3140407}]}, "version": 418}
{"obj": {"type": "LogStrings", "path": ["monitoring", "stdout"], "values": [{"value": "event = 1 : 71 %", "step": null, "ts": 1637123875.3144794}]}, "version": 419}
{"obj": {"type": "LogStrings", "path": ["monitoring", "stdout"], "values": [{"value": "\n", "step": null, "ts": 1637123875.3150527}]}, "version": 420}
{"obj": {"type": "LogStrings", "path": ["monitoring", "stdout"], "values": [{"value": "Scheme : ", "step": null, "ts": 1637123875.3158646}]}, "version": 421}
{"obj": {"type": "LogStrings", "path": ["monitoring", "stdout"], "values": [{"value": " ", "step": null, "ts": 1637123875.316323}]}, "version": 422}
{"obj": {"type": "LogStrings", "path": ["monitoring", "stdout"], "values": [{"value": "nonlinear", "step": null, "ts": 1637123875.316833}]}, "version": 423}
{"obj": {"type": "LogStrings", "path": ["monitoring", "stdout"], "values": [{"value": "\n", "step": null, "ts": 1637123875.3172069}]}, "version": 424}
{"obj": {"type": "LogStrings", "path": ["monitoring", "stdout"], "values": [{"value": "[t-SNE] Computing 91 nearest neighbors...", "step": null, "ts": 1637123875.4066658}]}, "version": 425}
{"obj": {"type": "LogStrings", "path": ["monitoring", "stdout"], "values": [{"value": "\n", "step": null, "ts": 1637123875.407634}]}, "version": 426}
{"obj": {"type": "LogFloats", "path": ["monitoring", "cpu"], "values": [{"value": 92.6, "step": null, "ts": 1637123875.4044764}]}, "version": 427}
{"obj": {"type": "LogFloats", "path": ["monitoring", "memory"], "values": [{"value": 15.183815002441406, "step": null, "ts": 1637123875.4044764}]}, "version": 428}
{"obj": {"type": "LogStrings", "path": ["monitoring", "stdout"], "values": [{"value": "[t-SNE] Indexed 1000 samples in 0.001s...", "step": null, "ts": 1637123875.4100058}]}, "version": 429}
{"obj": {"type": "LogStrings", "path": ["monitoring", "stdout"], "values": [{"value": "\n", "step": null, "ts": 1637123875.4104285}]}, "version": 430}
{"obj": {"type": "LogStrings", "path": ["monitoring", "stdout"], "values": [{"value": "[t-SNE] Computed neighbors for 1000 samples in 0.180s...", "step": null, "ts": 1637123875.5911257}]}, "version": 431}
{"obj": {"type": "LogStrings", "path": ["monitoring", "stdout"], "values": [{"value": "\n", "step": null, "ts": 1637123875.592484}]}, "version": 432}
{"obj": {"type": "LogStrings", "path": ["monitoring", "stdout"], "values": [{"value": "[t-SNE] Computed conditional probabilities for sample 1000 / 1000", "step": null, "ts": 1637123875.6723819}]}, "version": 433}
{"obj": {"type": "LogStrings", "path": ["monitoring", "stdout"], "values": [{"value": "\n", "step": null, "ts": 1637123875.6732624}]}, "version": 434}
{"obj": {"type": "LogStrings", "path": ["monitoring", "stdout"], "values": [{"value": "[t-SNE] Mean sigma: 1.818311", "step": null, "ts": 1637123875.6748075}]}, "version": 435}
{"obj": {"type": "LogStrings", "path": ["monitoring", "stdout"], "values": [{"value": "\n", "step": null, "ts": 1637123875.6754599}]}, "version": 436}
{"obj": {"type": "LogFloats", "path": ["monitoring", "cpu"], "values": [{"value": 54.3, "step": null, "ts": 1637123885.4100957}]}, "version": 437}
{"obj": {"type": "LogFloats", "path": ["monitoring", "memory"], "values": [{"value": 15.143180847167969, "step": null, "ts": 1637123885.4100957}]}, "version": 438}
